"D:/Workspaces/Game Dev Workspace/Unreal Engine 4/ProjectThanatos_426/Plugins/MenuSystemPro/Content/Text/Menu/ST_Menu.uasset" 0
"D:/Workspaces/Game Dev Workspace/Unreal Engine 4/ProjectThanatos_426/Plugins/MenuSystemPro/Content/Textures/UI/Textures/text_Esc.uasset" 1
"D:/Workspaces/Game Dev Workspace/Unreal Engine 4/ProjectThanatos_426/Plugins/MenuSystemPro/Content/Textures/UI/KeyboardIcons/footer_button.uasset" 2
"D:/Workspaces/Game Dev Workspace/Unreal Engine 4/ProjectThanatos_426/Plugins/MenuSystemPro/Content/Textures/UI/GamepadIcon/gamepad_B.uasset" 3
"D:/Workspaces/Game Dev Workspace/Unreal Engine 4/ProjectThanatos_426/Plugins/MenuSystemPro/Content/Fonts/Oswald-Regular.uasset" 4
"D:/Workspaces/Game Dev Workspace/Unreal Engine 4/ProjectThanatos_426/Plugins/MenuSystemPro/Content/Fonts/Oswald-Regular_Font.uasset" 5
"D:/Workspaces/Game Dev Workspace/Unreal Engine 4/ProjectThanatos_426/Plugins/MenuSystemPro/Content/Sounds/sfx/sfx_ui_02.uasset" 6
"D:/Workspaces/Game Dev Workspace/Unreal Engine 4/ProjectThanatos_426/Plugins/MenuSystemPro/Content/Sounds/Music.uasset" 7
"D:/Workspaces/Game Dev Workspace/Unreal Engine 4/ProjectThanatos_426/Plugins/MenuSystemPro/Content/Sounds/Voice.uasset" 8
"D:/Workspaces/Game Dev Workspace/Unreal Engine 4/ProjectThanatos_426/Plugins/MenuSystemPro/Content/Sounds/Master.uasset" 9
"D:/Workspaces/Game Dev Workspace/Unreal Engine 4/ProjectThanatos_426/Plugins/MenuSystemPro/Content/Sounds/SFX.uasset" 10
"D:/Workspaces/Game Dev Workspace/Unreal Engine 4/ProjectThanatos_426/Plugins/MenuSystemPro/Content/Sounds/sfx/sfx_ui_02_Cue.uasset" 11
"D:/Workspaces/Game Dev Workspace/Unreal Engine 4/ProjectThanatos_426/Plugins/MenuSystemPro/Content/Sounds/sfx/sfx_ui_01.uasset" 12
"D:/Workspaces/Game Dev Workspace/Unreal Engine 4/ProjectThanatos_426/Plugins/MenuSystemPro/Content/Sounds/sfx/sfx_ui_01_Cue.uasset" 13
"D:/Workspaces/Game Dev Workspace/Unreal Engine 4/ProjectThanatos_426/Plugins/MenuSystemPro/Content/Sounds/sfx/bg_musicAmbiente_horror.uasset" 14
"D:/Workspaces/Game Dev Workspace/Unreal Engine 4/ProjectThanatos_426/Plugins/MenuSystemPro/Content/Sounds/sfx/bg_musicAmbiente_horror_Cue.uasset" 15
"D:/Workspaces/Game Dev Workspace/Unreal Engine 4/ProjectThanatos_426/Plugins/MenuSystemPro/Content/Sounds/sfx/sfx_ui_03.uasset" 16
"D:/Workspaces/Game Dev Workspace/Unreal Engine 4/ProjectThanatos_426/Plugins/MenuSystemPro/Content/Sounds/sfx/sfx_ui_03_Cue.uasset" 17
"D:/Workspaces/Game Dev Workspace/Unreal Engine 4/ProjectThanatos_426/Plugins/MenuSystemPro/Content/Fonts/Oswald-Light.uasset" 18
"D:/Workspaces/Game Dev Workspace/Unreal Engine 4/ProjectThanatos_426/Plugins/MenuSystemPro/Content/Fonts/Oswald-Light_Font.uasset" 19
"D:/Workspaces/Game Dev Workspace/Unreal Engine 4/ProjectThanatos_426/Plugins/MenuSystemPro/Content/Blueprints/UI/Base/GlobalInteractableUserWidget.uasset" 20
"D:/Workspaces/Game Dev Workspace/Unreal Engine 4/ProjectThanatos_426/Plugins/MenuSystemPro/Content/Blueprints/UI/Widgets/NavigationKeyButton.uasset" 21
"D:/Workspaces/Game Dev Workspace/Unreal Engine 4/ProjectThanatos_426/Plugins/MenuSystemPro/Content/Textures/UI/hoverOverlay.uasset" 22
"D:/Workspaces/Game Dev Workspace/Unreal Engine 4/ProjectThanatos_426/Plugins/MenuSystemPro/Content/Textures/UI/Textures/gradientOverlay.uasset" 23
"D:/Workspaces/Game Dev Workspace/Unreal Engine 4/ProjectThanatos_426/Plugins/MenuSystemPro/Content/Fonts/Oswald-SemiBold.uasset" 24
"D:/Workspaces/Game Dev Workspace/Unreal Engine 4/ProjectThanatos_426/Plugins/MenuSystemPro/Content/Fonts/Oswald-SemiBold_Font.uasset" 25
"D:/Workspaces/Game Dev Workspace/Unreal Engine 4/ProjectThanatos_426/Plugins/MenuSystemPro/Content/Blueprints/UI/Widgets/DecisionButton.uasset" 26
"D:/Workspaces/Game Dev Workspace/Unreal Engine 4/ProjectThanatos_426/Plugins/MenuSystemPro/Content/Blueprints/UI/Menus/Misc/DecisionDialogWidgetBP.uasset" 27
"D:/Workspaces/Game Dev Workspace/Unreal Engine 4/ProjectThanatos_426/Plugins/MenuSystemPro/Content/Textures/UI/GamepadIcon/gamepad_A.uasset" 28
"D:/Workspaces/Game Dev Workspace/Unreal Engine 4/ProjectThanatos_426/Plugins/MenuSystemPro/Content/Textures/UI/KeyboardIcons/W.uasset" 29
"D:/Workspaces/Game Dev Workspace/Unreal Engine 4/ProjectThanatos_426/Plugins/MenuSystemPro/Content/Textures/UI/KeyboardIcons/V.uasset" 30
"D:/Workspaces/Game Dev Workspace/Unreal Engine 4/ProjectThanatos_426/Plugins/MenuSystemPro/Content/Textures/UI/KeyboardIcons/UP.uasset" 31
"D:/Workspaces/Game Dev Workspace/Unreal Engine 4/ProjectThanatos_426/Plugins/MenuSystemPro/Content/Textures/UI/KeyboardIcons/U.uasset" 32
"D:/Workspaces/Game Dev Workspace/Unreal Engine 4/ProjectThanatos_426/Plugins/MenuSystemPro/Content/Textures/UI/KeyboardIcons/TAB.uasset" 33
"D:/Workspaces/Game Dev Workspace/Unreal Engine 4/ProjectThanatos_426/Plugins/MenuSystemPro/Content/Textures/UI/KeyboardIcons/T.uasset" 34
"D:/Workspaces/Game Dev Workspace/Unreal Engine 4/ProjectThanatos_426/Plugins/MenuSystemPro/Content/Textures/UI/KeyboardIcons/STERN.uasset" 35
"D:/Workspaces/Game Dev Workspace/Unreal Engine 4/ProjectThanatos_426/Plugins/MenuSystemPro/Content/Textures/UI/KeyboardIcons/SPACE.uasset" 36
"D:/Workspaces/Game Dev Workspace/Unreal Engine 4/ProjectThanatos_426/Plugins/MenuSystemPro/Content/Textures/UI/KeyboardIcons/SLASH.uasset" 37
"D:/Workspaces/Game Dev Workspace/Unreal Engine 4/ProjectThanatos_426/Plugins/MenuSystemPro/Content/Textures/UI/KeyboardIcons/SEMICOLON.uasset" 38
"D:/Workspaces/Game Dev Workspace/Unreal Engine 4/ProjectThanatos_426/Plugins/MenuSystemPro/Content/Textures/UI/KeyboardIcons/SCRLK.uasset" 39
"D:/Workspaces/Game Dev Workspace/Unreal Engine 4/ProjectThanatos_426/Plugins/MenuSystemPro/Content/Textures/UI/KeyboardIcons/S.uasset" 40
"D:/Workspaces/Game Dev Workspace/Unreal Engine 4/ProjectThanatos_426/Plugins/MenuSystemPro/Content/Textures/UI/KeyboardIcons/RSHIFT.uasset" 41
"D:/Workspaces/Game Dev Workspace/Unreal Engine 4/ProjectThanatos_426/Plugins/MenuSystemPro/Content/Textures/UI/KeyboardIcons/RKLAMMER.uasset" 42
"D:/Workspaces/Game Dev Workspace/Unreal Engine 4/ProjectThanatos_426/Plugins/MenuSystemPro/Content/Textures/UI/KeyboardIcons/RIGHT.uasset" 43
"D:/Workspaces/Game Dev Workspace/Unreal Engine 4/ProjectThanatos_426/Plugins/MenuSystemPro/Content/Textures/UI/KeyboardIcons/RCTRL.uasset" 44
"D:/Workspaces/Game Dev Workspace/Unreal Engine 4/ProjectThanatos_426/Plugins/MenuSystemPro/Content/Textures/UI/KeyboardIcons/RALT.uasset" 45
"D:/Workspaces/Game Dev Workspace/Unreal Engine 4/ProjectThanatos_426/Plugins/MenuSystemPro/Content/Textures/UI/KeyboardIcons/R.uasset" 46
"D:/Workspaces/Game Dev Workspace/Unreal Engine 4/ProjectThanatos_426/Plugins/MenuSystemPro/Content/Textures/UI/KeyboardIcons/Q.uasset" 47
"D:/Workspaces/Game Dev Workspace/Unreal Engine 4/ProjectThanatos_426/Plugins/MenuSystemPro/Content/Textures/UI/KeyboardIcons/PRINT.uasset" 48
"D:/Workspaces/Game Dev Workspace/Unreal Engine 4/ProjectThanatos_426/Plugins/MenuSystemPro/Content/Textures/UI/KeyboardIcons/PAUSE.uasset" 49
"D:/Workspaces/Game Dev Workspace/Unreal Engine 4/ProjectThanatos_426/Plugins/MenuSystemPro/Content/Textures/UI/KeyboardIcons/PAGEUP.uasset" 50
"D:/Workspaces/Game Dev Workspace/Unreal Engine 4/ProjectThanatos_426/Plugins/MenuSystemPro/Content/Textures/UI/KeyboardIcons/PAGEDOWN.uasset" 51
"D:/Workspaces/Game Dev Workspace/Unreal Engine 4/ProjectThanatos_426/Plugins/MenuSystemPro/Content/Textures/UI/KeyboardIcons/P.uasset" 52
"D:/Workspaces/Game Dev Workspace/Unreal Engine 4/ProjectThanatos_426/Plugins/MenuSystemPro/Content/Textures/UI/KeyboardIcons/O.uasset" 53
"D:/Workspaces/Game Dev Workspace/Unreal Engine 4/ProjectThanatos_426/Plugins/MenuSystemPro/Content/Textures/UI/KeyboardIcons/NUMPAD9.uasset" 54
"D:/Workspaces/Game Dev Workspace/Unreal Engine 4/ProjectThanatos_426/Plugins/MenuSystemPro/Content/Textures/UI/KeyboardIcons/NUMPAD8.uasset" 55
"D:/Workspaces/Game Dev Workspace/Unreal Engine 4/ProjectThanatos_426/Plugins/MenuSystemPro/Content/Textures/UI/KeyboardIcons/NUMPAD7.uasset" 56
"D:/Workspaces/Game Dev Workspace/Unreal Engine 4/ProjectThanatos_426/Plugins/MenuSystemPro/Content/Textures/UI/KeyboardIcons/NUMPAD6.uasset" 57
"D:/Workspaces/Game Dev Workspace/Unreal Engine 4/ProjectThanatos_426/Plugins/MenuSystemPro/Content/Textures/UI/KeyboardIcons/NUMPAD5.uasset" 58
"D:/Workspaces/Game Dev Workspace/Unreal Engine 4/ProjectThanatos_426/Plugins/MenuSystemPro/Content/Textures/UI/KeyboardIcons/NUMPAD4.uasset" 59
"D:/Workspaces/Game Dev Workspace/Unreal Engine 4/ProjectThanatos_426/Plugins/MenuSystemPro/Content/Textures/UI/KeyboardIcons/NUMPAD3.uasset" 60
"D:/Workspaces/Game Dev Workspace/Unreal Engine 4/ProjectThanatos_426/Plugins/MenuSystemPro/Content/Textures/UI/KeyboardIcons/NUMPAD2.uasset" 61
"D:/Workspaces/Game Dev Workspace/Unreal Engine 4/ProjectThanatos_426/Plugins/MenuSystemPro/Content/Textures/UI/KeyboardIcons/NUMPAD1.uasset" 62
"D:/Workspaces/Game Dev Workspace/Unreal Engine 4/ProjectThanatos_426/Plugins/MenuSystemPro/Content/Textures/UI/KeyboardIcons/NUMPAD0.uasset" 63
"D:/Workspaces/Game Dev Workspace/Unreal Engine 4/ProjectThanatos_426/Plugins/MenuSystemPro/Content/Textures/UI/KeyboardIcons/NUMPAD-.uasset" 64
"D:/Workspaces/Game Dev Workspace/Unreal Engine 4/ProjectThanatos_426/Plugins/MenuSystemPro/Content/Textures/UI/KeyboardIcons/NUMLOCK.uasset" 65
"D:/Workspaces/Game Dev Workspace/Unreal Engine 4/ProjectThanatos_426/Plugins/MenuSystemPro/Content/Textures/UI/KeyboardIcons/NUMENTER.uasset" 66
"D:/Workspaces/Game Dev Workspace/Unreal Engine 4/ProjectThanatos_426/Plugins/MenuSystemPro/Content/Textures/UI/KeyboardIcons/NUMADDITION.uasset" 67
"D:/Workspaces/Game Dev Workspace/Unreal Engine 4/ProjectThanatos_426/Plugins/MenuSystemPro/Content/Textures/UI/KeyboardIcons/N.uasset" 68
"D:/Workspaces/Game Dev Workspace/Unreal Engine 4/ProjectThanatos_426/Plugins/MenuSystemPro/Content/Textures/UI/KeyboardIcons/Mouse_right.uasset" 69
"D:/Workspaces/Game Dev Workspace/Unreal Engine 4/ProjectThanatos_426/Plugins/MenuSystemPro/Content/Textures/UI/KeyboardIcons/Mouse_middle.uasset" 70
"D:/Workspaces/Game Dev Workspace/Unreal Engine 4/ProjectThanatos_426/Plugins/MenuSystemPro/Content/Textures/UI/KeyboardIcons/Mouse_left.uasset" 71
"D:/Workspaces/Game Dev Workspace/Unreal Engine 4/ProjectThanatos_426/Plugins/MenuSystemPro/Content/Textures/UI/KeyboardIcons/Mouse_layout.uasset" 72
"D:/Workspaces/Game Dev Workspace/Unreal Engine 4/ProjectThanatos_426/Plugins/MenuSystemPro/Content/Textures/UI/KeyboardIcons/Mouse_background.uasset" 73
"D:/Workspaces/Game Dev Workspace/Unreal Engine 4/ProjectThanatos_426/Plugins/MenuSystemPro/Content/Textures/UI/KeyboardIcons/M.uasset" 74
"D:/Workspaces/Game Dev Workspace/Unreal Engine 4/ProjectThanatos_426/Plugins/MenuSystemPro/Content/Textures/UI/KeyboardIcons/LSHIFT.uasset" 75
"D:/Workspaces/Game Dev Workspace/Unreal Engine 4/ProjectThanatos_426/Plugins/MenuSystemPro/Content/Textures/UI/KeyboardIcons/LKLAMMER.uasset" 76
"D:/Workspaces/Game Dev Workspace/Unreal Engine 4/ProjectThanatos_426/Plugins/MenuSystemPro/Content/Textures/UI/KeyboardIcons/LEFT.uasset" 77
"D:/Workspaces/Game Dev Workspace/Unreal Engine 4/ProjectThanatos_426/Plugins/MenuSystemPro/Content/Textures/UI/KeyboardIcons/LCTRL.uasset" 78
"D:/Workspaces/Game Dev Workspace/Unreal Engine 4/ProjectThanatos_426/Plugins/MenuSystemPro/Content/Textures/UI/KeyboardIcons/LALT.uasset" 79
"D:/Workspaces/Game Dev Workspace/Unreal Engine 4/ProjectThanatos_426/Plugins/MenuSystemPro/Content/Textures/UI/KeyboardIcons/L.uasset" 80
"D:/Workspaces/Game Dev Workspace/Unreal Engine 4/ProjectThanatos_426/Plugins/MenuSystemPro/Content/Textures/UI/KeyboardIcons/KOMMA.uasset" 81
"D:/Workspaces/Game Dev Workspace/Unreal Engine 4/ProjectThanatos_426/Plugins/MenuSystemPro/Content/Textures/UI/KeyboardIcons/keyboard.uasset" 82
"D:/Workspaces/Game Dev Workspace/Unreal Engine 4/ProjectThanatos_426/Plugins/MenuSystemPro/Content/Textures/UI/KeyboardIcons/K.uasset" 83
"D:/Workspaces/Game Dev Workspace/Unreal Engine 4/ProjectThanatos_426/Plugins/MenuSystemPro/Content/Textures/UI/KeyboardIcons/J.uasset" 84
"D:/Workspaces/Game Dev Workspace/Unreal Engine 4/ProjectThanatos_426/Plugins/MenuSystemPro/Content/Textures/UI/KeyboardIcons/INSERT.uasset" 85
"D:/Workspaces/Game Dev Workspace/Unreal Engine 4/ProjectThanatos_426/Plugins/MenuSystemPro/Content/Textures/UI/KeyboardIcons/I.uasset" 86
"D:/Workspaces/Game Dev Workspace/Unreal Engine 4/ProjectThanatos_426/Plugins/MenuSystemPro/Content/Textures/UI/KeyboardIcons/HOME.uasset" 87
"D:/Workspaces/Game Dev Workspace/Unreal Engine 4/ProjectThanatos_426/Plugins/MenuSystemPro/Content/Textures/UI/KeyboardIcons/HOCHKOMMA.uasset" 88
"D:/Workspaces/Game Dev Workspace/Unreal Engine 4/ProjectThanatos_426/Plugins/MenuSystemPro/Content/Textures/UI/KeyboardIcons/H.uasset" 89
"D:/Workspaces/Game Dev Workspace/Unreal Engine 4/ProjectThanatos_426/Plugins/MenuSystemPro/Content/Textures/UI/KeyboardIcons/G.uasset" 90
"D:/Workspaces/Game Dev Workspace/Unreal Engine 4/ProjectThanatos_426/Plugins/MenuSystemPro/Content/Textures/UI/KeyboardIcons/F9.uasset" 91
"D:/Workspaces/Game Dev Workspace/Unreal Engine 4/ProjectThanatos_426/Plugins/MenuSystemPro/Content/Textures/UI/KeyboardIcons/F8.uasset" 92
"D:/Workspaces/Game Dev Workspace/Unreal Engine 4/ProjectThanatos_426/Plugins/MenuSystemPro/Content/Textures/UI/KeyboardIcons/F7.uasset" 93
"D:/Workspaces/Game Dev Workspace/Unreal Engine 4/ProjectThanatos_426/Plugins/MenuSystemPro/Content/Textures/UI/KeyboardIcons/F6.uasset" 94
"D:/Workspaces/Game Dev Workspace/Unreal Engine 4/ProjectThanatos_426/Plugins/MenuSystemPro/Content/Textures/UI/KeyboardIcons/F5.uasset" 95
"D:/Workspaces/Game Dev Workspace/Unreal Engine 4/ProjectThanatos_426/Plugins/MenuSystemPro/Content/Textures/UI/KeyboardIcons/F4.uasset" 96
"D:/Workspaces/Game Dev Workspace/Unreal Engine 4/ProjectThanatos_426/Plugins/MenuSystemPro/Content/Textures/UI/KeyboardIcons/F3.uasset" 97
"D:/Workspaces/Game Dev Workspace/Unreal Engine 4/ProjectThanatos_426/Plugins/MenuSystemPro/Content/Textures/UI/KeyboardIcons/F2.uasset" 98
"D:/Workspaces/Game Dev Workspace/Unreal Engine 4/ProjectThanatos_426/Plugins/MenuSystemPro/Content/Textures/UI/KeyboardIcons/F12.uasset" 99
"D:/Workspaces/Game Dev Workspace/Unreal Engine 4/ProjectThanatos_426/Plugins/MenuSystemPro/Content/Textures/UI/KeyboardIcons/F11.uasset" 100
"D:/Workspaces/Game Dev Workspace/Unreal Engine 4/ProjectThanatos_426/Plugins/MenuSystemPro/Content/Textures/UI/KeyboardIcons/F10.uasset" 101
"D:/Workspaces/Game Dev Workspace/Unreal Engine 4/ProjectThanatos_426/Plugins/MenuSystemPro/Content/Textures/UI/KeyboardIcons/F1.uasset" 102
"D:/Workspaces/Game Dev Workspace/Unreal Engine 4/ProjectThanatos_426/Plugins/MenuSystemPro/Content/Textures/UI/KeyboardIcons/EXTRA.uasset" 103
"D:/Workspaces/Game Dev Workspace/Unreal Engine 4/ProjectThanatos_426/Plugins/MenuSystemPro/Content/Textures/UI/KeyboardIcons/ENTER.uasset" 104
"D:/Workspaces/Game Dev Workspace/Unreal Engine 4/ProjectThanatos_426/Plugins/MenuSystemPro/Content/Textures/UI/KeyboardIcons/END.uasset" 105
"D:/Workspaces/Game Dev Workspace/Unreal Engine 4/ProjectThanatos_426/Plugins/MenuSystemPro/Content/Textures/UI/KeyboardIcons/E.uasset" 106
"D:/Workspaces/Game Dev Workspace/Unreal Engine 4/ProjectThanatos_426/Plugins/MenuSystemPro/Content/Textures/UI/KeyboardIcons/DOWN.uasset" 107
"D:/Workspaces/Game Dev Workspace/Unreal Engine 4/ProjectThanatos_426/Plugins/MenuSystemPro/Content/Textures/UI/KeyboardIcons/DOT.uasset" 108
"D:/Workspaces/Game Dev Workspace/Unreal Engine 4/ProjectThanatos_426/Plugins/MenuSystemPro/Content/Textures/UI/KeyboardIcons/DELETE.uasset" 109
"D:/Workspaces/Game Dev Workspace/Unreal Engine 4/ProjectThanatos_426/Plugins/MenuSystemPro/Content/Textures/UI/KeyboardIcons/D.uasset" 110
"D:/Workspaces/Game Dev Workspace/Unreal Engine 4/ProjectThanatos_426/Plugins/MenuSystemPro/Content/Textures/UI/KeyboardIcons/CAPSLOCK.uasset" 111
"D:/Workspaces/Game Dev Workspace/Unreal Engine 4/ProjectThanatos_426/Plugins/MenuSystemPro/Content/Textures/UI/KeyboardIcons/Z.uasset" 112
"D:/Workspaces/Game Dev Workspace/Unreal Engine 4/ProjectThanatos_426/Plugins/MenuSystemPro/Content/Textures/UI/KeyboardIcons/Y.uasset" 113
"D:/Workspaces/Game Dev Workspace/Unreal Engine 4/ProjectThanatos_426/Plugins/MenuSystemPro/Content/Textures/UI/KeyboardIcons/X.uasset" 114
"D:/Workspaces/Game Dev Workspace/Unreal Engine 4/ProjectThanatos_426/Plugins/MenuSystemPro/Content/Textures/UI/KeyboardIcons/blank_02.uasset" 115
"D:/Workspaces/Game Dev Workspace/Unreal Engine 4/ProjectThanatos_426/Plugins/MenuSystemPro/Content/Textures/UI/KeyboardIcons/blank_01.uasset" 116
"D:/Workspaces/Game Dev Workspace/Unreal Engine 4/ProjectThanatos_426/Plugins/MenuSystemPro/Content/Textures/UI/KeyboardIcons/BACKSPACE.uasset" 117
"D:/Workspaces/Game Dev Workspace/Unreal Engine 4/ProjectThanatos_426/Plugins/MenuSystemPro/Content/Textures/UI/KeyboardIcons/BACKSLASH.uasset" 118
"D:/Workspaces/Game Dev Workspace/Unreal Engine 4/ProjectThanatos_426/Plugins/MenuSystemPro/Content/Textures/UI/KeyboardIcons/B.uasset" 119
"D:/Workspaces/Game Dev Workspace/Unreal Engine 4/ProjectThanatos_426/Plugins/MenuSystemPro/Content/Textures/UI/KeyboardIcons/_.uasset" 120
"D:/Workspaces/Game Dev Workspace/Unreal Engine 4/ProjectThanatos_426/Plugins/MenuSystemPro/Content/Textures/UI/KeyboardIcons/9.uasset" 121
"D:/Workspaces/Game Dev Workspace/Unreal Engine 4/ProjectThanatos_426/Plugins/MenuSystemPro/Content/Textures/UI/KeyboardIcons/8.uasset" 122
"D:/Workspaces/Game Dev Workspace/Unreal Engine 4/ProjectThanatos_426/Plugins/MenuSystemPro/Content/Textures/UI/KeyboardIcons/7.uasset" 123
"D:/Workspaces/Game Dev Workspace/Unreal Engine 4/ProjectThanatos_426/Plugins/MenuSystemPro/Content/Textures/UI/KeyboardIcons/6.uasset" 124
"D:/Workspaces/Game Dev Workspace/Unreal Engine 4/ProjectThanatos_426/Plugins/MenuSystemPro/Content/Textures/UI/KeyboardIcons/5.uasset" 125
"D:/Workspaces/Game Dev Workspace/Unreal Engine 4/ProjectThanatos_426/Plugins/MenuSystemPro/Content/Textures/UI/KeyboardIcons/4.uasset" 126
"D:/Workspaces/Game Dev Workspace/Unreal Engine 4/ProjectThanatos_426/Plugins/MenuSystemPro/Content/Textures/UI/KeyboardIcons/3.uasset" 127
"D:/Workspaces/Game Dev Workspace/Unreal Engine 4/ProjectThanatos_426/Plugins/MenuSystemPro/Content/Textures/UI/KeyboardIcons/2.uasset" 128
"D:/Workspaces/Game Dev Workspace/Unreal Engine 4/ProjectThanatos_426/Plugins/MenuSystemPro/Content/Textures/UI/KeyboardIcons/1.uasset" 129
"D:/Workspaces/Game Dev Workspace/Unreal Engine 4/ProjectThanatos_426/Plugins/MenuSystemPro/Content/Textures/UI/KeyboardIcons/0.uasset" 130
"D:/Workspaces/Game Dev Workspace/Unreal Engine 4/ProjectThanatos_426/Plugins/MenuSystemPro/Content/Textures/UI/KeyboardIcons/-.uasset" 131
"D:/Workspaces/Game Dev Workspace/Unreal Engine 4/ProjectThanatos_426/Plugins/MenuSystemPro/Content/Textures/UI/KeyboardIcons/C.uasset" 132
"D:/Workspaces/Game Dev Workspace/Unreal Engine 4/ProjectThanatos_426/Plugins/MenuSystemPro/Content/Textures/UI/KeyboardIcons/ESC.uasset" 133
"D:/Workspaces/Game Dev Workspace/Unreal Engine 4/ProjectThanatos_426/Plugins/MenuSystemPro/Content/Blueprints/UI/Widgets/Misc/KeyboardKey.uasset" 134
"D:/Workspaces/Game Dev Workspace/Unreal Engine 4/ProjectThanatos_426/Plugins/MenuSystemPro/Content/Textures/UI/KeyboardIcons/F.uasset" 135
"D:/Workspaces/Game Dev Workspace/Unreal Engine 4/ProjectThanatos_426/Plugins/MenuSystemPro/Content/Textures/UI/KeyboardIcons/A.uasset" 136
"../../../Engine/Content/EditorBlueprintResources/StandardMacros.uasset" 137
"D:/Workspaces/Game Dev Workspace/Unreal Engine 4/ProjectThanatos_426/Plugins/MenuSystemPro/Content/Blueprints/UI/Widgets/Misc/KeyboardWidgetBP.uasset" 138
"D:/Workspaces/Game Dev Workspace/Unreal Engine 4/ProjectThanatos_426/Plugins/MenuSystemPro/Content/Textures/UI/Textures/text_Tab.uasset" 139
"D:/Workspaces/Game Dev Workspace/Unreal Engine 4/ProjectThanatos_426/Plugins/MenuSystemPro/Content/Textures/UI/GamepadIcon/gamepad_Y.uasset" 140
"D:/Workspaces/Game Dev Workspace/Unreal Engine 4/ProjectThanatos_426/Plugins/MenuSystemPro/Content/Textures/UI/KeyboardIcons/MouseButton_right.uasset" 141
"D:/Workspaces/Game Dev Workspace/Unreal Engine 4/ProjectThanatos_426/Plugins/MenuSystemPro/Content/Textures/UI/GamepadIcon/gamepad_Share.uasset" 142
"D:/Workspaces/Game Dev Workspace/Unreal Engine 4/ProjectThanatos_426/Plugins/MenuSystemPro/Content/Textures/UI/GamepadIcon/gamepad_RT.uasset" 143
"D:/Workspaces/Game Dev Workspace/Unreal Engine 4/ProjectThanatos_426/Plugins/MenuSystemPro/Content/Textures/UI/GamepadIcon/gamepad_RS.uasset" 144
"D:/Workspaces/Game Dev Workspace/Unreal Engine 4/ProjectThanatos_426/Plugins/MenuSystemPro/Content/Textures/UI/GamepadIcon/gamepad_RB.uasset" 145
"D:/Workspaces/Game Dev Workspace/Unreal Engine 4/ProjectThanatos_426/Plugins/MenuSystemPro/Content/Textures/UI/GamepadIcon/gamepad_Menu.uasset" 146
"D:/Workspaces/Game Dev Workspace/Unreal Engine 4/ProjectThanatos_426/Plugins/MenuSystemPro/Content/Textures/UI/GamepadIcon/gamepad_LT.uasset" 147
"D:/Workspaces/Game Dev Workspace/Unreal Engine 4/ProjectThanatos_426/Plugins/MenuSystemPro/Content/Textures/UI/GamepadIcon/gamepad_LS.uasset" 148
"D:/Workspaces/Game Dev Workspace/Unreal Engine 4/ProjectThanatos_426/Plugins/MenuSystemPro/Content/Textures/UI/GamepadIcon/gamepad_lines.uasset" 149
"D:/Workspaces/Game Dev Workspace/Unreal Engine 4/ProjectThanatos_426/Plugins/MenuSystemPro/Content/Textures/UI/GamepadIcon/gamepad_LB.uasset" 150
"D:/Workspaces/Game Dev Workspace/Unreal Engine 4/ProjectThanatos_426/Plugins/MenuSystemPro/Content/Textures/UI/GamepadIcon/gamepad_Layout.uasset" 151
"D:/Workspaces/Game Dev Workspace/Unreal Engine 4/ProjectThanatos_426/Plugins/MenuSystemPro/Content/Textures/UI/GamepadIcon/gamepad_arrows_up.uasset" 152
"D:/Workspaces/Game Dev Workspace/Unreal Engine 4/ProjectThanatos_426/Plugins/MenuSystemPro/Content/Textures/UI/GamepadIcon/gamepad_arrows_right.uasset" 153
"D:/Workspaces/Game Dev Workspace/Unreal Engine 4/ProjectThanatos_426/Plugins/MenuSystemPro/Content/Textures/UI/GamepadIcon/gamepad_arrows_left.uasset" 154
"D:/Workspaces/Game Dev Workspace/Unreal Engine 4/ProjectThanatos_426/Plugins/MenuSystemPro/Content/Textures/UI/GamepadIcon/gamepad_arrows_down.uasset" 155
"D:/Workspaces/Game Dev Workspace/Unreal Engine 4/ProjectThanatos_426/Plugins/MenuSystemPro/Content/Textures/UI/GamepadIcon/gamepad_X.uasset" 156
"D:/Workspaces/Game Dev Workspace/Unreal Engine 4/ProjectThanatos_426/Plugins/MenuSystemPro/Content/Blueprints/UI/Widgets/Misc/GamepadKey.uasset" 157
"D:/Workspaces/Game Dev Workspace/Unreal Engine 4/ProjectThanatos_426/Plugins/MenuSystemPro/Content/Blueprints/UI/Widgets/Misc/GamepadWidgetBP.uasset" 158
"D:/Workspaces/Game Dev Workspace/Unreal Engine 4/ProjectThanatos_426/Plugins/MenuSystemPro/Content/Blueprints/UI/Menus/Settings/ControlsGamepadBindingsWidgetBP.uasset" 159
"D:/Workspaces/Game Dev Workspace/Unreal Engine 4/ProjectThanatos_426/Plugins/MenuSystemPro/Content/Textures/UI/SliderBarImage.uasset" 160
"D:/Workspaces/Game Dev Workspace/Unreal Engine 4/ProjectThanatos_426/Plugins/MenuSystemPro/Content/Blueprints/UI/Widgets/OptionsSlider.uasset" 161
"D:/Workspaces/Game Dev Workspace/Unreal Engine 4/ProjectThanatos_426/Plugins/MenuSystemPro/Content/Misc/PreviewForceFeedbackEffect.uasset" 162
"D:/Workspaces/Game Dev Workspace/Unreal Engine 4/ProjectThanatos_426/Plugins/MenuSystemPro/Content/Textures/UI/Textures/arrow_right.uasset" 163
"D:/Workspaces/Game Dev Workspace/Unreal Engine 4/ProjectThanatos_426/Plugins/MenuSystemPro/Content/Textures/UI/Textures/arrow_left.uasset" 164
"D:/Workspaces/Game Dev Workspace/Unreal Engine 4/ProjectThanatos_426/Plugins/MenuSystemPro/Content/Blueprints/UI/Widgets/OptionsPickerSubButton.uasset" 165
"D:/Workspaces/Game Dev Workspace/Unreal Engine 4/ProjectThanatos_426/Plugins/MenuSystemPro/Content/Blueprints/UI/Widgets/OptionsPicker.uasset" 166
"D:/Workspaces/Game Dev Workspace/Unreal Engine 4/ProjectThanatos_426/Plugins/MenuSystemPro/Content/Blueprints/UI/Widgets/OptionsButton.uasset" 167
"D:/Workspaces/Game Dev Workspace/Unreal Engine 4/ProjectThanatos_426/Plugins/MenuSystemPro/Content/Blueprints/UI/Menus/Settings/ControlsOverviewWidgetBP.uasset" 168
"D:/Workspaces/Game Dev Workspace/Unreal Engine 4/ProjectThanatos_426/Plugins/MenuSystemPro/Content/Blueprints/UI/Menus/Settings/ControlsSettingsContainerWidgetBP.uasset" 169
"D:/Workspaces/Game Dev Workspace/Unreal Engine 4/ProjectThanatos_426/Content/Textures/Damaged.uasset" 170
"../../../Engine/Content/Functions/Engine_MaterialFunctions02/Utility/VectorToRadialValue.uasset" 171
"../../../Engine/Content/Functions/Engine_MaterialFunctions01/Density/ExponentialDensity.uasset" 172
"../../../Engine/Content/Functions/Engine_MaterialFunctions01/Gradient/RadialGradientExponential.uasset" 173
"D:/Workspaces/Game Dev Workspace/Unreal Engine 4/ProjectThanatos_426/Content/Materials/Player/CircleHealthBarMat.uasset" 174
"D:/Workspaces/Game Dev Workspace/Unreal Engine 4/ProjectThanatos_426/Plugins/MenuSystemPro/Content/Blueprints/UI/Widgets/Misc/FadeBorderWidgetBP.uasset" 175
"D:/Workspaces/Game Dev Workspace/Unreal Engine 4/ProjectThanatos_426/Content/LowPolyDungeons/Textures/Texture_01.uasset" 176
"D:/Workspaces/Game Dev Workspace/Unreal Engine 4/ProjectThanatos_426/Content/LowPolyDungeons/Materials/M_LowPolyDungeons_MAIN.uasset" 177
"D:/Workspaces/Game Dev Workspace/Unreal Engine 4/ProjectThanatos_426/Content/Mesh/Dungeon/Props/Mesh_Props_Book_12.uasset" 178
"D:/Workspaces/Game Dev Workspace/Unreal Engine 4/ProjectThanatos_426/Content/Mesh/Dungeon/Props/Mesh_Props_Book_11.uasset" 179
"D:/Workspaces/Game Dev Workspace/Unreal Engine 4/ProjectThanatos_426/Content/Mesh/Dungeon/Props/Mesh_Props_Book_09.uasset" 180
"D:/Workspaces/Game Dev Workspace/Unreal Engine 4/ProjectThanatos_426/Content/Mesh/Dungeon/Props/Mesh_Props_Book_08.uasset" 181
"D:/Workspaces/Game Dev Workspace/Unreal Engine 4/ProjectThanatos_426/Content/Mesh/Dungeon/Props/Mesh_Props_Book_07.uasset" 182
"D:/Workspaces/Game Dev Workspace/Unreal Engine 4/ProjectThanatos_426/Content/Mesh/Dungeon/Props/Mesh_Props_Book_05.uasset" 183
"D:/Workspaces/Game Dev Workspace/Unreal Engine 4/ProjectThanatos_426/Content/Mesh/Dungeon/Props/Mesh_Props_Book_04.uasset" 184
"D:/Workspaces/Game Dev Workspace/Unreal Engine 4/ProjectThanatos_426/Content/Mesh/Dungeon/Props/Mesh_Props_Book_03.uasset" 185
"D:/Workspaces/Game Dev Workspace/Unreal Engine 4/ProjectThanatos_426/Content/Mesh/Dungeon/Props/Mesh_Props_Book_02.uasset" 186
"D:/Workspaces/Game Dev Workspace/Unreal Engine 4/ProjectThanatos_426/Content/Mesh/Dungeon/Props/Mesh_Props_Book_01.uasset" 187
"D:/Workspaces/Game Dev Workspace/Unreal Engine 4/ProjectThanatos_426/Content/Mesh/Dungeon/Props/Mesh_Props_Book_06.uasset" 188
"D:/Workspaces/Game Dev Workspace/Unreal Engine 4/ProjectThanatos_426/Content/Mesh/Dungeon/Props/Mesh_Props_Book_10.uasset" 189
"D:/Workspaces/Game Dev Workspace/Unreal Engine 4/ProjectThanatos_426/Content/Blueprints/UI/Loot/LootInformationDetail.uasset" 190
"D:/Workspaces/Game Dev Workspace/Unreal Engine 4/ProjectThanatos_426/Content/Blueprints/UI/Loot/LootIntormation.uasset" 191
"D:/Workspaces/Game Dev Workspace/Unreal Engine 4/ProjectThanatos_426/Content/Blueprints/Level/Interactables/InteractableBase.uasset" 192
"D:/Workspaces/Game Dev Workspace/Unreal Engine 4/ProjectThanatos_426/Content/Blueprints/Utilities/Struct_LootItemDescription.uasset" 193
"D:/Workspaces/Game Dev Workspace/Unreal Engine 4/ProjectThanatos_426/Content/Blueprints/UI/Loot/Inventory/W_InventoryIcon.uasset" 194
"D:/Workspaces/Game Dev Workspace/Unreal Engine 4/ProjectThanatos_426/Content/Blueprints/Loot/InventoryItem.uasset" 195
"D:/Workspaces/Game Dev Workspace/Unreal Engine 4/ProjectThanatos_426/Content/PolygonFanMiniChr/Models/Characters/SK_FantasyMiniCharacter_PhysicsAsset.uasset" 196
"D:/Workspaces/Game Dev Workspace/Unreal Engine 4/ProjectThanatos_426/Content/PolygonFanMiniChr/Textures/T_PolygonMinis_01_A.uasset" 197
"D:/Workspaces/Game Dev Workspace/Unreal Engine 4/ProjectThanatos_426/Content/PolygonFanMiniChr/Materials/Mat_PolygonMiniFanChr_01_A.uasset" 198
"../../../Engine/Content/EngineMeshes/Humanoid.uasset" 199
"D:/Workspaces/Game Dev Workspace/Unreal Engine 4/ProjectThanatos_426/Content/PolygonFanMiniChr/Models/Characters/SK_FantasyMiniCharacter_Skeleton.uasset" 200
"D:/Workspaces/Game Dev Workspace/Unreal Engine 4/ProjectThanatos_426/Content/PolygonFanMiniChr/Models/Characters/SK_Fantasy_MalePeasant_01.uasset" 201
"../../../Engine/Content/EditorMaterials/TargetIcon.uasset" 202
"D:/Workspaces/Game Dev Workspace/Unreal Engine 4/ProjectThanatos_426/Content/Blueprints/Entities/Enemies/NavigationPoint.uasset" 203
"D:/Workspaces/Game Dev Workspace/Unreal Engine 4/ProjectThanatos_426/Content/Mesh/Dungeon/Dungeons/Mesh_Dungeons_Wall_07.uasset" 204
"D:/Workspaces/Game Dev Workspace/Unreal Engine 4/ProjectThanatos_426/Content/Mesh/Dungeon/Dungeons/Mesh_Dungeons_Door_01.uasset" 205
"D:/Workspaces/Game Dev Workspace/Unreal Engine 4/ProjectThanatos_426/Content/Blueprints/Utilities/OpenMode.uasset" 206
"D:/Workspaces/Game Dev Workspace/Unreal Engine 4/ProjectThanatos_426/Content/Audio/Gamemaster_Audio_-_Pro_Sound_Collection/Doors/door_close_slam_01.uasset" 207
"D:/Workspaces/Game Dev Workspace/Unreal Engine 4/ProjectThanatos_426/Content/Audio/Gamemaster_Audio_-_Pro_Sound_Collection/Doors/door_lock_handle_locked_02.uasset" 208
"D:/Workspaces/Game Dev Workspace/Unreal Engine 4/ProjectThanatos_426/Content/Audio/Gamemaster_Audio_-_Pro_Sound_Collection/Doors/door_creak_short_04.uasset" 209
"D:/Workspaces/Game Dev Workspace/Unreal Engine 4/ProjectThanatos_426/Content/Audio/Dialog/Interactions/Must_be_a_key_around_here.uasset" 210
"D:/Workspaces/Game Dev Workspace/Unreal Engine 4/ProjectThanatos_426/Content/Audio/Dialog/Interactions/I_need_to_find_a_key.uasset" 211
"D:/Workspaces/Game Dev Workspace/Unreal Engine 4/ProjectThanatos_426/Content/Audio/Dialog/Interactions/I_Have_to_find_the_Key.uasset" 212
"D:/Workspaces/Game Dev Workspace/Unreal Engine 4/ProjectThanatos_426/Content/Audio/Dialog/Interactions/Its_Locked.uasset" 213
"D:/Workspaces/Game Dev Workspace/Unreal Engine 4/ProjectThanatos_426/Content/Blueprints/Level/Interactables/Doors/DoorBase.uasset" 214
"D:/Workspaces/Game Dev Workspace/Unreal Engine 4/ProjectThanatos_426/Content/Materials/Player/CircleDetectionBarMat.uasset" 215
"D:/Workspaces/Game Dev Workspace/Unreal Engine 4/ProjectThanatos_426/Content/Blueprints/UI/Entities/Enemies/EnemyHUD.uasset" 216
"../../../Engine/Content/Animation/DefaultAnimCurveCompressionSettings.uasset" 217
"../../../Engine/Content/Animation/DefaultAnimBoneCompressionSettings.uasset" 218
"D:/Workspaces/Game Dev Workspace/Unreal Engine 4/ProjectThanatos_426/Content/Animations/Skeleton/Walking.uasset" 219
"D:/Workspaces/Game Dev Workspace/Unreal Engine 4/ProjectThanatos_426/Content/Animations/LowPolyPlayer/Running.uasset" 220
"D:/Workspaces/Game Dev Workspace/Unreal Engine 4/ProjectThanatos_426/Content/Animations/LowPolyPlayer/Idle.uasset" 221
"D:/Workspaces/Game Dev Workspace/Unreal Engine 4/ProjectThanatos_426/Content/Animations/Skeleton/Skeleton_AnimBS_idle-run.uasset" 222
"D:/Workspaces/Game Dev Workspace/Unreal Engine 4/ProjectThanatos_426/Content/Animations/Skeleton/Attack_Hands_03.uasset" 223
"D:/Workspaces/Game Dev Workspace/Unreal Engine 4/ProjectThanatos_426/Content/Animations/Skeleton/Attack_Hands_02.uasset" 224
"D:/Workspaces/Game Dev Workspace/Unreal Engine 4/ProjectThanatos_426/Content/Animations/Skeleton/Attack_Hands_01.uasset" 225
"D:/Workspaces/Game Dev Workspace/Unreal Engine 4/ProjectThanatos_426/Content/Animations/LowPolyPlayer/Landing.uasset" 226
"D:/Workspaces/Game Dev Workspace/Unreal Engine 4/ProjectThanatos_426/Content/Animations/LowPolyPlayer/Jump_Start_mixamo_com.uasset" 227
"D:/Workspaces/Game Dev Workspace/Unreal Engine 4/ProjectThanatos_426/Content/Animations/Skeleton/Skeleton_AnimBP.uasset" 228
"D:/Workspaces/Game Dev Workspace/Unreal Engine 4/ProjectThanatos_426/Content/PolygonFanMiniChr/Models/Characters/SK_Dungeon_Skeleton_01.uasset" 229
"D:/Workspaces/Game Dev Workspace/Unreal Engine 4/ProjectThanatos_426/Content/Blueprints/Entities/Enemies/EnemyBase.uasset" 230
"D:/Workspaces/Game Dev Workspace/Unreal Engine 4/ProjectThanatos_426/Content/Animations/LowPolyPlayer/Walking.uasset" 231
"D:/Workspaces/Game Dev Workspace/Unreal Engine 4/ProjectThanatos_426/Content/Animations/LowPolyPlayer/LowPolyPlayer_AnimBS_idle-run.uasset" 232
"D:/Workspaces/Game Dev Workspace/Unreal Engine 4/ProjectThanatos_426/Content/Animations/LowPolyPlayer/LowPolyPlayer_AnimBP.uasset" 233
"D:/Workspaces/Game Dev Workspace/Unreal Engine 4/ProjectThanatos_426/Content/Blueprints/Entities/Player/Player.uasset" 234
"D:/Workspaces/Game Dev Workspace/Unreal Engine 4/ProjectThanatos_426/Content/Blueprints/Utilities/Utilities.uasset" 235
"D:/Workspaces/Game Dev Workspace/Unreal Engine 4/ProjectThanatos_426/Content/Blueprints/UI/HUD.uasset" 236
"D:/Workspaces/Game Dev Workspace/Unreal Engine 4/ProjectThanatos_426/Plugins/MenuSystemPro/Content/Blueprints/UI/Menus/Settings/ControlsKeyBindingsWidgetBP.uasset" 237
"D:/Workspaces/Game Dev Workspace/Unreal Engine 4/ProjectThanatos_426/Plugins/MenuSystemPro/Content/Blueprints/UI/Widgets/OptionsActionBinder.uasset" 238
"D:/Workspaces/Game Dev Workspace/Unreal Engine 4/ProjectThanatos_426/Plugins/MenuSystemPro/Content/Blueprints/UI/Base/InteractableMenuWidgetBP.uasset" 239
"D:/Workspaces/Game Dev Workspace/Unreal Engine 4/ProjectThanatos_426/Plugins/MenuSystemPro/Content/Blueprints/UI/Base/InteractableUserWidget.uasset" 240
"D:/Workspaces/Game Dev Workspace/Unreal Engine 4/ProjectThanatos_426/Plugins/MenuSystemPro/Content/Blueprints/UI/Widgets/MainButton.uasset" 241
"D:/Workspaces/Game Dev Workspace/Unreal Engine 4/ProjectThanatos_426/Plugins/MenuSystemPro/Content/Blueprints/UI/Widgets/OptionsTextInput.uasset" 242
"D:/Workspaces/Game Dev Workspace/Unreal Engine 4/ProjectThanatos_426/Content/Blueprints/Utilities/ProjectThanatosGameInstance.uasset" 243
"D:/Workspaces/Game Dev Workspace/Unreal Engine 4/ProjectThanatos_426/Content/Blueprints/Networking/Steam.uasset" 244
"D:/Workspaces/Game Dev Workspace/Unreal Engine 4/ProjectThanatos_426/Plugins/MenuSystemPro/Content/Blueprints/UI/Menus/Misc/HostGameWidgetBP.uasset" 245
"D:/Workspaces/Game Dev Workspace/Unreal Engine 4/ProjectThanatos_426/Plugins/MenuSystemPro/Content/Blueprints/UI/Menus/Settings/NetworkingSettingsWidgetBP.uasset" 246
"D:/Workspaces/Game Dev Workspace/Unreal Engine 4/ProjectThanatos_426/Plugins/MenuSystemPro/Content/Textures/UI/KeyboardIcons/Benchmark.uasset" 247
"D:/Workspaces/Game Dev Workspace/Unreal Engine 4/ProjectThanatos_426/Plugins/MenuSystemPro/Content/Textures/Options/SSR_on.uasset" 248
"D:/Workspaces/Game Dev Workspace/Unreal Engine 4/ProjectThanatos_426/Plugins/MenuSystemPro/Content/Textures/Options/SSR_off.uasset" 249
"D:/Workspaces/Game Dev Workspace/Unreal Engine 4/ProjectThanatos_426/Plugins/MenuSystemPro/Content/Textures/Options/shadow_middle.uasset" 250
"D:/Workspaces/Game Dev Workspace/Unreal Engine 4/ProjectThanatos_426/Plugins/MenuSystemPro/Content/Textures/Options/shadow_low.uasset" 251
"D:/Workspaces/Game Dev Workspace/Unreal Engine 4/ProjectThanatos_426/Plugins/MenuSystemPro/Content/Textures/Options/shadow_high.uasset" 252
"D:/Workspaces/Game Dev Workspace/Unreal Engine 4/ProjectThanatos_426/Plugins/MenuSystemPro/Content/Textures/Options/shadow_epic.uasset" 253
"D:/Workspaces/Game Dev Workspace/Unreal Engine 4/ProjectThanatos_426/Plugins/MenuSystemPro/Content/Textures/Options/quality_texture_middle.uasset" 254
"D:/Workspaces/Game Dev Workspace/Unreal Engine 4/ProjectThanatos_426/Plugins/MenuSystemPro/Content/Textures/Options/quality_texture_low.uasset" 255
"D:/Workspaces/Game Dev Workspace/Unreal Engine 4/ProjectThanatos_426/Plugins/MenuSystemPro/Content/Textures/Options/quality_texture_high.uasset" 256
"D:/Workspaces/Game Dev Workspace/Unreal Engine 4/ProjectThanatos_426/Plugins/MenuSystemPro/Content/Textures/Options/preset_mid.uasset" 257
"D:/Workspaces/Game Dev Workspace/Unreal Engine 4/ProjectThanatos_426/Plugins/MenuSystemPro/Content/Textures/Options/preset_low.uasset" 258
"D:/Workspaces/Game Dev Workspace/Unreal Engine 4/ProjectThanatos_426/Plugins/MenuSystemPro/Content/Textures/Options/preset_high.uasset" 259
"D:/Workspaces/Game Dev Workspace/Unreal Engine 4/ProjectThanatos_426/Plugins/MenuSystemPro/Content/Textures/Options/preset_epic.uasset" 260
"D:/Workspaces/Game Dev Workspace/Unreal Engine 4/ProjectThanatos_426/Plugins/MenuSystemPro/Content/Textures/Options/preset_cinema.uasset" 261
"D:/Workspaces/Game Dev Workspace/Unreal Engine 4/ProjectThanatos_426/Plugins/MenuSystemPro/Content/Textures/Options/PP_mid.uasset" 262
"D:/Workspaces/Game Dev Workspace/Unreal Engine 4/ProjectThanatos_426/Plugins/MenuSystemPro/Content/Textures/Options/PP_low.uasset" 263
"D:/Workspaces/Game Dev Workspace/Unreal Engine 4/ProjectThanatos_426/Plugins/MenuSystemPro/Content/Textures/Options/PP_high.uasset" 264
"D:/Workspaces/Game Dev Workspace/Unreal Engine 4/ProjectThanatos_426/Plugins/MenuSystemPro/Content/Textures/Options/PP_epic.uasset" 265
"D:/Workspaces/Game Dev Workspace/Unreal Engine 4/ProjectThanatos_426/Plugins/MenuSystemPro/Content/Textures/Options/MotionBlur_on.uasset" 266
"D:/Workspaces/Game Dev Workspace/Unreal Engine 4/ProjectThanatos_426/Plugins/MenuSystemPro/Content/Textures/Options/MotionBlur_off.uasset" 267
"D:/Workspaces/Game Dev Workspace/Unreal Engine 4/ProjectThanatos_426/Plugins/MenuSystemPro/Content/Textures/Options/lensFlares_on.uasset" 268
"D:/Workspaces/Game Dev Workspace/Unreal Engine 4/ProjectThanatos_426/Plugins/MenuSystemPro/Content/Textures/Options/lensFlares_off.uasset" 269
"D:/Workspaces/Game Dev Workspace/Unreal Engine 4/ProjectThanatos_426/Plugins/MenuSystemPro/Content/Textures/Options/fx_low.uasset" 270
"D:/Workspaces/Game Dev Workspace/Unreal Engine 4/ProjectThanatos_426/Plugins/MenuSystemPro/Content/Textures/Options/fx_high.uasset" 271
"D:/Workspaces/Game Dev Workspace/Unreal Engine 4/ProjectThanatos_426/Plugins/MenuSystemPro/Content/Textures/Options/fx_cinema.uasset" 272
"D:/Workspaces/Game Dev Workspace/Unreal Engine 4/ProjectThanatos_426/Plugins/MenuSystemPro/Content/Textures/Options/foliage_low.uasset" 273
"D:/Workspaces/Game Dev Workspace/Unreal Engine 4/ProjectThanatos_426/Plugins/MenuSystemPro/Content/Textures/Options/foliage_high.uasset" 274
"D:/Workspaces/Game Dev Workspace/Unreal Engine 4/ProjectThanatos_426/Plugins/MenuSystemPro/Content/Textures/Options/AO_on.uasset" 275
"D:/Workspaces/Game Dev Workspace/Unreal Engine 4/ProjectThanatos_426/Plugins/MenuSystemPro/Content/Textures/Options/AO_off.uasset" 276
"D:/Workspaces/Game Dev Workspace/Unreal Engine 4/ProjectThanatos_426/Plugins/MenuSystemPro/Content/Textures/Options/AA_middle.uasset" 277
"D:/Workspaces/Game Dev Workspace/Unreal Engine 4/ProjectThanatos_426/Plugins/MenuSystemPro/Content/Textures/Options/AA_low.uasset" 278
"D:/Workspaces/Game Dev Workspace/Unreal Engine 4/ProjectThanatos_426/Plugins/MenuSystemPro/Content/Textures/Options/AA_high.uasset" 279
"D:/Workspaces/Game Dev Workspace/Unreal Engine 4/ProjectThanatos_426/Plugins/MenuSystemPro/Content/Textures/Options/AA_epic.uasset" 280
"D:/Workspaces/Game Dev Workspace/Unreal Engine 4/ProjectThanatos_426/Plugins/MenuSystemPro/Content/Textures/Options/foliage_mid.uasset" 281
"D:/Workspaces/Game Dev Workspace/Unreal Engine 4/ProjectThanatos_426/Content/Textures/Project_Thanatos_Cover_Art.uasset" 282
"D:/Workspaces/Game Dev Workspace/Unreal Engine 4/ProjectThanatos_426/Plugins/MenuSystemPro/Content/Blueprints/UI/Widgets/Misc/LoadingScreenWidgetBP.uasset" 283
"D:/Workspaces/Game Dev Workspace/Unreal Engine 4/ProjectThanatos_426/Plugins/MenuSystemPro/Content/Blueprints/UI/Menus/Settings/GraphicsSettingsWidgetBP.uasset" 284
"D:/Workspaces/Game Dev Workspace/Unreal Engine 4/ProjectThanatos_426/Plugins/MenuSystemPro/Content/Blueprints/UI/Menus/Settings/GameSettingsWidgetBP.uasset" 285
"D:/Workspaces/Game Dev Workspace/Unreal Engine 4/ProjectThanatos_426/Plugins/MenuSystemPro/Content/Blueprints/UI/Menus/Settings/DisplaySettingsWidgetBP.uasset" 286
"D:/Workspaces/Game Dev Workspace/Unreal Engine 4/ProjectThanatos_426/Plugins/MenuSystemPro/Content/Blueprints/UI/Menus/Settings/AudioSettingsWidgetBP.uasset" 287
"D:/Workspaces/Game Dev Workspace/Unreal Engine 4/ProjectThanatos_426/Plugins/MenuSystemPro/Content/Textures/UI/Textures/bg_gradient_top.uasset" 288
"D:/Workspaces/Game Dev Workspace/Unreal Engine 4/ProjectThanatos_426/Plugins/MenuSystemPro/Content/Textures/UI/Textures/bg_gradient_bottom.uasset" 289
"D:/Workspaces/Game Dev Workspace/Unreal Engine 4/ProjectThanatos_426/Plugins/MenuSystemPro/Content/Text/Menu/ST_Credits.uasset" 290
"D:/Workspaces/Game Dev Workspace/Unreal Engine 4/ProjectThanatos_426/Content/Textures/StudioLogo.uasset" 291
"D:/Workspaces/Game Dev Workspace/Unreal Engine 4/ProjectThanatos_426/Plugins/MenuSystemPro/Content/Blueprints/UI/Menus/Misc/CreditsWidgetBP.uasset" 292
"D:/Workspaces/Game Dev Workspace/Unreal Engine 4/ProjectThanatos_426/Plugins/MenuSystemPro/Content/Blueprints/SaveGame/CustomSaveGameBP.uasset" 293
"D:/Workspaces/Game Dev Workspace/Unreal Engine 4/ProjectThanatos_426/Plugins/MenuSystemPro/Content/Textures/UI/Textures/gradient_Underlay.uasset" 294
"D:/Workspaces/Game Dev Workspace/Unreal Engine 4/ProjectThanatos_426/Plugins/MenuSystemPro/Content/Blueprints/UI/Menus/Misc/IntroWidgetBP.uasset" 295
"D:/Workspaces/Game Dev Workspace/Unreal Engine 4/ProjectThanatos_426/Plugins/MenuSystemPro/Content/Blueprints/UI/Menus/Main/MainMenuContainerWidgetBP.uasset" 296
"D:/Workspaces/Game Dev Workspace/Unreal Engine 4/ProjectThanatos_426/Plugins/MenuSystemPro/Content/Blueprints/UI/Menus/Main/MainMenuOverviewWidgetBP.uasset" 297
"D:/Workspaces/Game Dev Workspace/Unreal Engine 4/ProjectThanatos_426/Plugins/MenuSystemPro/Content/Blueprints/UI/Menus/Options/OptionsOverviewWidgetBP.uasset" 298
"D:/Workspaces/Game Dev Workspace/Unreal Engine 4/ProjectThanatos_426/Plugins/MenuSystemPro/Content/Blueprints/UI/Menus/Options/OptionsMenuContainerWidgetBP.uasset" 299
"D:/Workspaces/Game Dev Workspace/Unreal Engine 4/ProjectThanatos_426/Plugins/MenuSystemPro/Content/Blueprints/UI/Menus/Ingame/IngameMenuOverviewWidgetBP.uasset" 300
"D:/Workspaces/Game Dev Workspace/Unreal Engine 4/ProjectThanatos_426/Plugins/MenuSystemPro/Content/Blueprints/UI/Menus/Ingame/IngameMenuContainerWidgetBP.uasset" 301
"D:/Workspaces/Game Dev Workspace/Unreal Engine 4/ProjectThanatos_426/Content/Blueprints/Entities/Player/ThanatosPlayerController.uasset" 302
"D:/Workspaces/Game Dev Workspace/Unreal Engine 4/ProjectThanatos_426/Content/Blueprints/Entities/Player/ThanatosGamemode.uasset" 303
"D:/Workspaces/Game Dev Workspace/Unreal Engine 4/ProjectThanatos_426/Content/Map/MainLevel.uasset" 304
"../../../Engine/Content/EngineMaterials/T_Default_Material_Grid_N.uasset" 305
"../../../Engine/Content/EngineMaterials/T_Default_Material_Grid_M.uasset" 306
"../../../Engine/Content/Functions/Engine_MaterialFunctions01/Opacity/CameraDepthFade.uasset" 307
"../../../Engine/Content/EngineMaterials/WorldGridMaterial.uasset" 308
"../../../Engine/Content/ArtTools/RenderToTexture/Meshes/S_1_Unit_Plane.uasset" 309
"../../../Engine/Content/EngineMaterials/DefaultMaterial.uasset" 310
"../../../Engine/Content/BasicShapes/Cone.uasset" 311
"../../../Engine/Content/BasicShapes/Sphere.uasset" 312
"../../../Engine/Content/EditorLandscapeResources/DataLayer.uasset" 313
"../../../Engine/Content/EditorLandscapeResources/DefaultAlphaTexture.uasset" 314
"../../../Engine/Content/EditorMaterials/MAT_Groups_Toggle.uasset" 315
"../../../Engine/Content/EditorMaterials/MAT_Groups_Visibility.uasset" 316
"../../../Engine/Content/EditorMaterials/PreviewShadowIndicator.uasset" 317
"../../../Engine/Content/EditorMaterials/PreviewShadowIndicatorMaterial.uasset" 318
"../../../Engine/Content/EditorMaterials/MatineeGroups/MAT_ColorTrack.uasset" 319
"../../../Engine/Content/EditorMaterials/MatineeGroups/MAT_Groups_Anim.uasset" 320
"../../../Engine/Content/EditorMaterials/MatineeGroups/MAT_Groups_AudioMaster.uasset" 321
"../../../Engine/Content/EditorMaterials/MatineeGroups/MAT_Groups_Director.uasset" 322
"../../../Engine/Content/EditorMaterials/MatineeGroups/MAT_Groups_Event.uasset" 323
"../../../Engine/Content/EditorMaterials/MatineeGroups/MAT_Groups_Fade.uasset" 324
"../../../Engine/Content/EditorMaterials/MatineeGroups/MAT_Groups_Float.uasset" 325
"../../../Engine/Content/EditorMaterials/MatineeGroups/MAT_Groups_Move.uasset" 326
"../../../Engine/Content/EditorMaterials/MatineeGroups/MAT_Groups_Slomo.uasset" 327
"../../../Engine/Content/EditorMaterials/MatineeGroups/MAT_Groups_Sound.uasset" 328
"../../../Engine/Content/EditorMaterials/MatineeGroups/MAT_Groups_Vector.uasset" 329
"../../../Engine/Content/EditorMaterials/ParticleSystems/PSysThumbnail_NoImage.uasset" 330
"../../../Engine/Content/EditorMaterials/ParticleSystems/PSysThumbnail_OOD.uasset" 331
"../../../Engine/Content/EditorMaterials/Camera/CineMat.uasset" 332
"../../../Engine/Content/EditorMaterials/Camera/MI_CineMat_Rig.uasset" 333
"../../../Engine/Content/EditorMeshes/Camera/SM_CraneRig_Arm.uasset" 334
"../../../Engine/Content/EditorMeshes/Camera/SM_CraneRig_Base.uasset" 335
"../../../Engine/Content/EditorMeshes/Camera/SM_CraneRig_Body.uasset" 336
"../../../Engine/Content/EditorMeshes/Camera/SM_CraneRig_Mount.uasset" 337
"../../../Engine/Content/EditorMeshes/Camera/SM_RailRig_Mount.uasset" 338
"../../../Engine/Content/EditorMeshes/Camera/SM_RailRig_Track.uasset" 339
"../../../Engine/Content/EditorResources/BSPVertex.uasset" 340
"../../../Engine/Content/EditorResources/EmptyActor.uasset" 341
"../../../Engine/Content/EditorResources/S_Actor.uasset" 342
"../../../Engine/Content/EditorResources/S_Note.uasset" 343
"../../../Engine/Content/EditorResources/S_Solver.uasset" 344
"../../../Engine/Content/EditorResources/S_Terrain.uasset" 345
"../../../Engine/Content/EditorResources/S_Trigger.uasset" 346
"../../../Engine/Content/EditorResources/AudioIcons/S_AudioComponent_AutoActivate.uasset" 347
"../../../Engine/Content/EditorResources/LightIcons/S_LightError.uasset" 348
"../../../Engine/Content/EditorResources/SequenceRecorder/Countdown.uasset" 349
"../../../Engine/Content/EditorResources/SequenceRecorder/RecordingIndicator.uasset" 350
"../../../Engine/Content/EngineDamageTypes/DmgTypeBP_Environmental.uasset" 351
"../../../Engine/Content/EngineDebugMaterials/DebugEditorMaterial.uasset" 352
"../../../Engine/Content/EngineDebugMaterials/DebugMeshMaterial.uasset" 353
"../../../Engine/Content/EngineDebugMaterials/M_SimpleUnlitTranslucent.uasset" 354
"../../../Engine/Content/EngineDebugMaterials/VolumeToRender.uasset" 355
"../../../Engine/Content/Functions/Engine_MaterialFunctions02/Utility/CameraDirectionVector.uasset" 356
"../../../Engine/Content/EngineDebugMaterials/M_VolumeRenderSphereTracePP.uasset" 357
"../../../Engine/Content/Functions/Engine_MaterialFunctions01/Shading/ConvertFromDiffSpec.uasset" 358
"../../../Engine/Content/EngineDebugMaterials/VertexColorMaterial.uasset" 359
"../../../Engine/Content/EngineDebugMaterials/WireframeMaterial.uasset" 360
"../../../Engine/Content/EngineFonts/Faces/RobotoRegular.uasset" 361
"../../../Engine/Content/EngineFonts/Faces/RobotoLight.uasset" 362
"../../../Engine/Content/EngineFonts/Faces/RobotoItalic.uasset" 363
"../../../Engine/Content/EngineFonts/Faces/RobotoBoldItalic.uasset" 364
"../../../Engine/Content/EngineFonts/Faces/RobotoBold.uasset" 365
"../../../Engine/Content/EngineFonts/Faces/DroidSansFallback.uasset" 366
"../../../Engine/Content/EngineFonts/Roboto.uasset" 367
"../../../Engine/Content/EngineMaterials/BaseFlattenNormalMap.uasset" 368
"../../../Engine/Content/EngineMaterials/BaseFlattenGrayscaleMap.uasset" 369
"../../../Engine/Content/EngineMaterials/BaseFlattenEmissiveMap.uasset" 370
"../../../Engine/Content/EngineMaterials/BaseFlattenDiffuseMap.uasset" 371
"../../../Engine/Content/EngineMaterials/BaseFlattenMaterial.uasset" 372
"../../../Engine/Content/EngineMaterials/BlueNoise.uasset" 373
"../../../Engine/Content/EngineMaterials/DefaultBloomKernel.uasset" 374
"../../../Engine/Content/EngineMaterials/DefaultBokeh.uasset" 375
"../../../Engine/Content/EngineMaterials/DefaultDiffuse.uasset" 376
"../../../Engine/Content/EngineMaterials/DefaultDeferredDecalMaterial.uasset" 377
"../../../Engine/Content/EngineMaterials/DefaultLightFunctionMaterial.uasset" 378
"../../../Engine/Content/EngineMaterials/DefaultPhysicalMaterial.uasset" 379
"../../../Engine/Content/Functions/Engine_MaterialFunctions02/Utility/BreakOutFloat2Components.uasset" 380
"../../../Engine/Content/EngineMaterials/DefaultPostProcessMaterial.uasset" 381
"../../../Engine/Content/EngineFonts/RobotoDistanceField.uasset" 382
"../../../Engine/Content/EngineMaterials/DefaultTextMaterialOpaque.uasset" 383
"../../../Engine/Content/EngineMaterials/DefaultWhiteGrid_Low.uasset" 384
"../../../Engine/Content/EngineMaterials/EmissiveMeshMaterial.uasset" 385
"../../../Engine/Content/EngineMaterials/GizmoMaterial.uasset" 386
"../../../Engine/Content/EngineMaterials/Good64x64TilingNoiseHighFreq.uasset" 387
"../../../Engine/Content/EngineMaterials/MiniFont.uasset" 388
"../../../Engine/Content/EngineMaterials/InvalidLightmapSettings.uasset" 389
"../../../Engine/Content/EngineMaterials/M_InvalidLightmapSettings.uasset" 390
"../../../Engine/Content/Functions/Engine_MaterialFunctions02/WorldPositionOffset/CameraOffset.uasset" 391
"../../../Engine/Content/EngineMaterials/PhAT_JointLimitMaterial.uasset" 392
"../../../Engine/Content/EngineMaterials/PreintegratedSkinBRDF.uasset" 393
"../../../Engine/Content/EngineMaterials/RemoveSurfaceMaterial.uasset" 394
"../../../Engine/Content/EngineMaterials/WeightMapPlaceholderTexture.uasset" 395
"../../../Engine/Content/EngineResources/WhiteSquareTexture.uasset" 396
"../../../Engine/Content/EngineMaterials/Widget3DPassThrough.uasset" 397
"../../../Engine/Content/EngineMaterials/Widget3DPassThrough_Masked.uasset" 398
"../../../Engine/Content/EngineMaterials/Widget3DPassThrough_Opaque.uasset" 399
"../../../Engine/Content/EngineMaterials/Widget3DPassThrough_Masked_OneSided.uasset" 400
"../../../Engine/Content/EngineMaterials/Widget3DPassThrough_Opaque_OneSided.uasset" 401
"../../../Engine/Content/EngineMaterials/Widget3DPassThrough_Translucent.uasset" 402
"../../../Engine/Content/EngineMaterials/Widget3DPassThrough_Translucent_OneSided.uasset" 403
"../../../Engine/Content/EngineMeshes/Cylinder.uasset" 404
"../../../Engine/Content/EngineMeshes/Sphere.uasset" 405
"../../../Engine/Content/EngineResources/Black.uasset" 406
"../../../Engine/Content/EngineResources/DefaultTextureCube.uasset" 407
"../../../Engine/Content/EngineResources/DefaultVolumeTexture2D.uasset" 408
"../../../Engine/Content/EngineResources/DefaultVolumeTexture.uasset" 409
"../../../Engine/Content/EngineResources/GradientTexture0.uasset" 410
"../../../Engine/Content/EngineSky/VolumetricClouds/T_NoiseShape64.uasset" 411
"../../../Engine/Content/EngineSky/VolumetricClouds/T_VolumeNoiseShape64.uasset" 412
"../../../Engine/Content/EngineSky/VolumetricClouds/T_NoiseErosion.uasset" 413
"../../../Engine/Content/EngineSky/VolumetricClouds/T_VolumeNoiseErosion32.uasset" 414
"../../../Engine/Content/EngineSky/VolumetricClouds/CloudWeatherTexture.uasset" 415
"../../../Engine/Content/EngineSky/VolumetricClouds/CloudGradientTexture.uasset" 416
"../../../Engine/Content/Functions/Engine_MaterialFunctions02/Utility/MakeFloat2.uasset" 417
"../../../Engine/Content/EngineSky/VolumetricClouds/m_SimpleVolumetricCloud.uasset" 418
"../../../Engine/Content/EngineSky/VolumetricClouds/m_SimpleVolumetricCloud_Inst.uasset" 419
"../../../Engine/Content/EngineSounds/Master.uasset" 420
"../../../Engine/Content/Functions/Engine_MaterialFunctions01/Shading/PowerToRoughness.uasset" 421
"../../../Engine/Content/Maps/Templates/Thumbnails/Default.uasset" 422
"../../../Engine/Content/Maps/Templates/Thumbnails/TimeOfDay.uasset" 423
"../../../Engine/Content/Maps/Templates/Thumbnails/VR-Basic.uasset" 424
"../../../Engine/Content/MobileResources/T_MobileControls_texture.uasset" 425
"../../../Engine/Content/MobileResources/T_MobileMenu2.uasset" 426
"../../../Engine/Content/MobileResources/HUD/AnalogHat.uasset" 427
"../../../Engine/Content/MobileResources/HUD/VirtualJoystick_Thumb.uasset" 428
"../../../Engine/Content/MobileResources/HUD/VirtualJoystick_Background.uasset" 429
"../../../Engine/Content/MobileResources/HUD/DefaultVirtualJoysticks.uasset" 430
"../../../Engine/Content/MobileResources/HUD/LeftVirtualJoystickOnly.uasset" 431
"../../../Engine/Content/MobileResources/HUD/MobileHUDButton1_off.uasset" 432
"../../../Engine/Content/MobileResources/HUD/MobileHUDButton1_on.uasset" 433
"../../../Engine/Content/MobileResources/HUD/MobileHUDButton2_off.uasset" 434
"../../../Engine/Content/MobileResources/HUD/MobileHUDButton2_on.uasset" 435
"../../../Engine/Content/MobileResources/HUD/MobileHUDButton3.uasset" 436
"../../../Engine/Content/MobileResources/HUD/MobileHUDButtonFire.uasset" 437
"../../../Engine/Content/MobileResources/HUD/MobileHUDDirectionPad.uasset" 438
"../../../Engine/Content/MobileResources/HUD/MobileHUDDirectionPad2.uasset" 439
"../../../Engine/Content/MobileResources/HUD/MobileHUDDirectionPad3.uasset" 440
"../../../Engine/Content/MobileResources/HUD/MobileHUDDirectionStick.uasset" 441
"../../../Engine/Content/MobileResources/HUD/T_Castle_ThumbstickInner.uasset" 442
"../../../Engine/Content/MobileResources/HUD/T_Castle_ThumbstickOutter.uasset" 443
"../../../Engine/Content/Tutorial/ContentIntroCurve.uasset" 444
"../../../Engine/Content/Tutorial/Basics/LevelEditorAttract.uasset" 445
"../../../Engine/Content/Tutorial/Basics/TutorialAssets/icon_tab_Levels_40x.uasset" 446
"../../../Engine/Content/Tutorial/Basics/LevelEditorOverview.uasset" 447
"../../../Engine/Content/Tutorial/BlueprintTutorials/TutorialAssets/Blueprint_64x.uasset" 448
"../../../Engine/Content/Tutorial/BlueprintTutorials/BlueprintEditorTutorial.uasset" 449
"../../../Engine/Content/Tutorial/BlueprintTutorials/LevelBlueprintEditorOverview.uasset" 450
"../../../Engine/Content/VREditor/TransformGizmo/TranslucentTransformGizmoMaterial.uasset" 451
"../../../Engine/Content/VREditor/LaserPointer/VR_LaserPower_01.uasset" 452
"../../../Engine/Content/VREditor/TransformGizmo/TransformGizmoMaterial.uasset" 453
"../../../Engine/Content/VREditor/TransformGizmo/BoundingBoxCorner.uasset" 454
"../../../Engine/Content/VREditor/TransformGizmo/BoundingBoxEdge.uasset" 455
"../../../Engine/Content/VREditor/TransformGizmo/PlaneTranslationHandle.uasset" 456
"../../../Engine/Content/VREditor/TransformGizmo/Xray.uasset" 457
"../../../Engine/Content/VREditor/TransformGizmo/Main.uasset" 458
"../../../Engine/Content/VREditor/TransformGizmo/SM_Sequencer_Key.uasset" 459
"../../../Engine/Content/VREditor/TransformGizmo/SM_Sequencer_Node.uasset" 460
"../../Plugins/2D/Paper2D/Content/PlaceholderTextures/DummySpriteTexture.uasset" 461
"../../Plugins/2D/Paper2D/Content/DummySprite.uasset" 462
"../../Plugins/2D/Paper2D/Content/DefaultPaperTerrainMaterial.uasset" 463
"../../Plugins/2D/Paper2D/Content/DefaultSpriteMaterial.uasset" 464
"../../Plugins/2D/Paper2D/Content/MaskedUnlitSpriteMaterial.uasset" 465
"../../Plugins/2D/Paper2D/Content/OpaqueUnlitSpriteMaterial.uasset" 466
"../../../Engine/Content/Functions/Engine_MaterialFunctions02/Utility/BreakOutFloat3Components.uasset" 467
"../../Plugins/Editor/SpeedTreeImporter/Content/SpeedTree9/UnpackInteger3.uasset" 468
"../../Plugins/Editor/SpeedTreeImporter/Content/SpeedTree9/UnpackDirection.uasset" 469
"../../Plugins/Editor/SpeedTreeImporter/Content/SpeedTree9/game_wind_noise.uasset" 470
"../../../Engine/Content/Functions/Engine_MaterialFunctions02/SafeNormalize.uasset" 471
"../../Plugins/Editor/SpeedTreeImporter/Content/SpeedTree9/SpeedTreeWindMotion.uasset" 472
"../../Plugins/Editor/SpeedTreeImporter/Content/SpeedTree9/SpeedTreeBranchMotion.uasset" 473
"../../../Engine/Content/Functions/Engine_MaterialFunctions02/ObjectLocalBounds.uasset" 474
"../../../Engine/Content/Functions/Engine_MaterialFunctions02/UVs/BoundingBoxBased_0-1_UVW.uasset" 475
"../../Plugins/Editor/SpeedTreeImporter/Content/SpeedTree9/SpeedTreeWind.uasset" 476
"../../Plugins/Editor/SpeedTreeImporter/Content/SpeedTree9/SpeedTreeBillboard.uasset" 477
"../../../Engine/Content/EngineResources/DefaultTexture.uasset" 478
"../../Plugins/Editor/SpeedTreeImporter/Content/SpeedTree9/SpeedTreeBillboardMaster.uasset" 479
"../../Plugins/Editor/SpeedTreeImporter/Content/SpeedTree9/SpeedTreeCameraFacing.uasset" 480
"../../Plugins/Editor/SpeedTreeImporter/Content/SpeedTree9/SpeedTreeMaster.uasset" 481
"../../Plugins/Marketplace/BlockoutToolsPlugin/Content/Blueprints/Utility/BlockoutToolsFunctions.uasset" 482
"../../Plugins/Marketplace/BlockoutToolsPlugin/Content/Meshes/SM_Blockout_Box.uasset" 483
"../../Plugins/Marketplace/BlockoutToolsPlugin/Content/Blueprints/Blockout_Box.uasset" 484
"../../Plugins/Marketplace/BlockoutToolsPlugin/Content/Meshes/SM_Blockout_Cone_Q4.uasset" 485
"../../Plugins/Marketplace/BlockoutToolsPlugin/Content/Meshes/SM_Blockout_Cone_Q3.uasset" 486
"../../Plugins/Marketplace/BlockoutToolsPlugin/Content/Meshes/SM_Blockout_Cone_Q2.uasset" 487
"../../Plugins/Marketplace/BlockoutToolsPlugin/Content/Meshes/SM_Blockout_Cone_Q1.uasset" 488
"../../Plugins/Marketplace/BlockoutToolsPlugin/Content/Blueprints/Blockout_Cone.uasset" 489
"../../Plugins/Marketplace/BlockoutToolsPlugin/Content/Meshes/SM_Blockout_Curved_Corner_Outer_Q4.uasset" 490
"../../Plugins/Marketplace/BlockoutToolsPlugin/Content/Meshes/SM_Blockout_Curved_Corner_Outer_Q3.uasset" 491
"../../Plugins/Marketplace/BlockoutToolsPlugin/Content/Meshes/SM_Blockout_Curved_Corner_Outer_Q2.uasset" 492
"../../Plugins/Marketplace/BlockoutToolsPlugin/Content/Meshes/SM_Blockout_Curved_Corner_Outer_Q1.uasset" 493
"../../Plugins/Marketplace/BlockoutToolsPlugin/Content/Meshes/SM_Blockout_Curved_Corner_Inner_Q4.uasset" 494
"../../Plugins/Marketplace/BlockoutToolsPlugin/Content/Meshes/SM_Blockout_Curved_Corner_Inner_Q3.uasset" 495
"../../Plugins/Marketplace/BlockoutToolsPlugin/Content/Meshes/SM_Blockout_Curved_Corner_Inner_Q2.uasset" 496
"../../Plugins/Marketplace/BlockoutToolsPlugin/Content/Meshes/SM_Blockout_Curved_Corner_Inner_Q1.uasset" 497
"../../Plugins/Marketplace/BlockoutToolsPlugin/Content/Blueprints/Blockout_Corner_Curved.uasset" 498
"../../Plugins/Marketplace/BlockoutToolsPlugin/Content/Meshes/SM_Blockout_Cylinder_Q4.uasset" 499
"../../Plugins/Marketplace/BlockoutToolsPlugin/Content/Meshes/SM_Blockout_Cylinder_Q3.uasset" 500
"../../Plugins/Marketplace/BlockoutToolsPlugin/Content/Meshes/SM_Blockout_Cylinder_Q2.uasset" 501
"../../Plugins/Marketplace/BlockoutToolsPlugin/Content/Meshes/SM_Blockout_Cylinder_Q1.uasset" 502
"../../Plugins/Marketplace/BlockoutToolsPlugin/Content/Blueprints/Blockout_Cylinder.uasset" 503
"../../Plugins/Marketplace/BlockoutToolsPlugin/Content/Blueprints/Blockout_Doorway.uasset" 504
"../../Plugins/Marketplace/BlockoutToolsPlugin/Content/Meshes/SM_Blockout_Railing_Pole.uasset" 505
"../../Plugins/Marketplace/BlockoutToolsPlugin/Content/Meshes/SM_Blockout_Railing_Open.uasset" 506
"../../Plugins/Marketplace/BlockoutToolsPlugin/Content/Meshes/SM_Blockout_Railing_Closed.uasset" 507
"../../Plugins/Marketplace/BlockoutToolsPlugin/Content/Blueprints/Utility/EBlockoutRailingType.uasset" 508
"../../Plugins/Marketplace/BlockoutToolsPlugin/Content/Blueprints/Blockout_Railing.uasset" 509
"../../Plugins/Marketplace/BlockoutToolsPlugin/Content/Meshes/SM_Blockout_Ramp.uasset" 510
"../../Plugins/Marketplace/BlockoutToolsPlugin/Content/Blueprints/Blockout_Ramp.uasset" 511
"../../Plugins/Marketplace/BlockoutToolsPlugin/Content/Meshes/SM_Blockout_Box_Right.uasset" 512
"../../Plugins/Marketplace/BlockoutToolsPlugin/Content/Meshes/SM_Blockout_Box_Centered.uasset" 513
"../../Plugins/Marketplace/BlockoutToolsPlugin/Content/Blueprints/Utility/EBlockoutAlignment.uasset" 514
"../../Plugins/Marketplace/BlockoutToolsPlugin/Content/Blueprints/Blockout_Skewbox.uasset" 515
"../../Plugins/Marketplace/BlockoutToolsPlugin/Content/Meshes/SM_Blockout_Sphere_Q4.uasset" 516
"../../Plugins/Marketplace/BlockoutToolsPlugin/Content/Meshes/SM_Blockout_Sphere_Q3.uasset" 517
"../../Plugins/Marketplace/BlockoutToolsPlugin/Content/Meshes/SM_Blockout_Sphere_Q2.uasset" 518
"../../Plugins/Marketplace/BlockoutToolsPlugin/Content/Meshes/SM_Blockout_Sphere_Q1.uasset" 519
"../../Plugins/Marketplace/BlockoutToolsPlugin/Content/Meshes/SM_Blockout_Hemisphere_Q4.uasset" 520
"../../Plugins/Marketplace/BlockoutToolsPlugin/Content/Meshes/SM_Blockout_Hemisphere_Q3.uasset" 521
"../../Plugins/Marketplace/BlockoutToolsPlugin/Content/Meshes/SM_Blockout_Hemisphere_Q2.uasset" 522
"../../Plugins/Marketplace/BlockoutToolsPlugin/Content/Meshes/SM_Blockout_Hemisphere_Q1.uasset" 523
"../../Plugins/Marketplace/BlockoutToolsPlugin/Content/Blueprints/Blockout_Sphere.uasset" 524
"../../Plugins/Marketplace/BlockoutToolsPlugin/Content/Meshes/SM_Blockout_Step_Sloped_Centered.uasset" 525
"../../Plugins/Marketplace/BlockoutToolsPlugin/Content/Meshes/SM_Blockout_Step_Box_Centered.uasset" 526
"../../Plugins/Marketplace/BlockoutToolsPlugin/Content/Blueprints/Utility/EBlockoutStairsType.uasset" 527
"../../Plugins/Marketplace/BlockoutToolsPlugin/Content/Blueprints/Blockout_Stairs_Curved.uasset" 528
"../../Plugins/Marketplace/BlockoutToolsPlugin/Content/Meshes/SM_Blockout_Step_Sloped_Linear.uasset" 529
"../../Plugins/Marketplace/BlockoutToolsPlugin/Content/Meshes/SM_Blockout_Step_Box.uasset" 530
"../../Plugins/Marketplace/BlockoutToolsPlugin/Content/Blueprints/Blockout_Stairs_Linear.uasset" 531
"../../Plugins/Marketplace/BlockoutToolsPlugin/Content/Blueprints/Blockout_Stairs_Linear_Manual.uasset" 532
"../../Plugins/Marketplace/BlockoutToolsPlugin/Content/Meshes/SM_Blockout_Tube_Q4.uasset" 533
"../../Plugins/Marketplace/BlockoutToolsPlugin/Content/Meshes/SM_Blockout_Tube_Q3.uasset" 534
"../../Plugins/Marketplace/BlockoutToolsPlugin/Content/Meshes/SM_Blockout_Tube_Q2.uasset" 535
"../../Plugins/Marketplace/BlockoutToolsPlugin/Content/Meshes/SM_Blockout_Tube_Q1.uasset" 536
"../../Plugins/Marketplace/BlockoutToolsPlugin/Content/Blueprints/Blockout_Tube.uasset" 537
"../../Plugins/Marketplace/BlockoutToolsPlugin/Content/Blueprints/Blockout_Window.uasset" 538
"../../../Engine/Content/Functions/Engine_MaterialFunctions01/Gradient/LinearGradient.uasset" 539
"../../../Engine/Content/Functions/Engine_MaterialFunctions01/ImageAdjustment/CheapContrast.uasset" 540
"../../../Engine/Content/EngineMaterials/T_Default_Normal.uasset" 541
"../../../Engine/Content/Functions/Engine_MaterialFunctions02/Utility/VectorLength.uasset" 542
"../../../Engine/Content/Functions/Engine_MaterialFunctions02/WorldPositionOffset/ObjectScale.uasset" 543
"../../Plugins/Marketplace/BlockoutToolsPlugin/Content/Materials/Functions/MF_Blockout_Triplanar_Normal.uasset" 544
"../../../Engine/Content/EngineMaterials/T_Default_BaseColor.uasset" 545
"../../Plugins/Marketplace/BlockoutToolsPlugin/Content/Materials/Functions/MF_Blockout_Triplanar.uasset" 546
"../../Plugins/Marketplace/BlockoutToolsPlugin/Content/Materials/M_BlockoutTools_Custom.uasset" 547
"../../Plugins/Marketplace/BlockoutToolsPlugin/Content/Materials/MI_BlockoutTools_Custom.uasset" 548
"../../../Engine/Content/EngineMaterials/BlendFunc_DefBlend.uasset" 549
"../../../Engine/Content/EngineMaterials/BlendFunc_DefBase.uasset" 550
"../../../Engine/Content/Functions/Engine_MaterialFunctions03/Blends/Blend_Screen.uasset" 551
"../../../Engine/Content/EngineMaterials/DefaultWhiteGrid.uasset" 552
"../../Plugins/Marketplace/BlockoutToolsPlugin/Content/Textures/T_Blockout_Grid.uasset" 553
"../../Plugins/Marketplace/BlockoutToolsPlugin/Content/Materials/Functions/MF_Blockout_Grid.uasset" 554
"../../Plugins/Marketplace/BlockoutToolsPlugin/Content/Materials/Functions/MF_Blockout_Triplanar_Grid.uasset" 555
"../../Plugins/Marketplace/BlockoutToolsPlugin/Content/Materials/M_BlockoutTools_Grid.uasset" 556
"../../Plugins/Marketplace/BlockoutToolsPlugin/Content/Materials/MI_BlockoutTools_Grid.uasset" 557
"../../Plugins/Marketplace/BlockoutToolsPlugin/Content/Textures/T_Blockout_Actor_Icon.uasset" 558
"../../../Engine/Content/ArtTools/RenderToTexture/Materials/Debug/M_Emissive_Color.uasset" 559
"../../../Engine/Content/BasicShapes/Cylinder.uasset" 560
"../../Plugins/Lumin/MagicLeapPassableWorld/Content/MagicLeapARPinInfoActor.uasset" 561
"../../../Engine/Content/Functions/Engine_MaterialFunctions02/Utility/BreakOutFloat4Components.uasset" 562
"../../../Engine/Content/Functions/Engine_MaterialFunctions02/Utility/MakeFloat3.uasset" 563
"../../Plugins/Runtime/Oculus/OculusVR/Content/Materials/OculusMR_ChromaKey.uasset" 564
"../../Plugins/Runtime/Oculus/OculusVR/Content/Materials/OculusMR_OpaqueColoredMaterial.uasset" 565
"../../Plugins/Runtime/Oculus/OculusVR/Content/Materials/PokeAHoleMaterial.uasset" 566
"D:/Workspaces/Game Dev Workspace/Unreal Engine 4/ProjectThanatos_426/Content/LowPolyDungeons/Meshes/Props/Mesh_Props_WallDecor_12.uasset" 567
"D:/Workspaces/Game Dev Workspace/Unreal Engine 4/ProjectThanatos_426/Content/LowPolyDungeons/Meshes/Props/Mesh_Props_WallDecor_11.uasset" 568
"D:/Workspaces/Game Dev Workspace/Unreal Engine 4/ProjectThanatos_426/Content/LowPolyDungeons/Meshes/Dungeons/Mesh_Dungeons_Wall_06.uasset" 569
"D:/Workspaces/Game Dev Workspace/Unreal Engine 4/ProjectThanatos_426/Content/Map/MainMenu_BuiltData.uasset" 570
"D:/Workspaces/Game Dev Workspace/Unreal Engine 4/ProjectThanatos_426/Content/LowPolyDungeons/Meshes/Props/Mesh_Props_Barrel_01.uasset" 571
"D:/Workspaces/Game Dev Workspace/Unreal Engine 4/ProjectThanatos_426/Content/LowPolyDungeons/Meshes/Dungeons/Mesh_Dungeons_Wall_22.uasset" 572
"D:/Workspaces/Game Dev Workspace/Unreal Engine 4/ProjectThanatos_426/Content/LowPolyDungeons/Meshes/Props/Mesh_Props_WallDecor_10.uasset" 573
"D:/Workspaces/Game Dev Workspace/Unreal Engine 4/ProjectThanatos_426/Content/LowPolyDungeons/Meshes/Props/Mesh_Props_Chain_01.uasset" 574
"D:/Workspaces/Game Dev Workspace/Unreal Engine 4/ProjectThanatos_426/Content/LowPolyDungeons/Meshes/Props/Mesh_Props_Light_04.uasset" 575
"D:/Workspaces/Game Dev Workspace/Unreal Engine 4/ProjectThanatos_426/Content/LowPolyDungeons/Materials/M_LowPolyDungeons_Fire.uasset" 576
"D:/Workspaces/Game Dev Workspace/Unreal Engine 4/ProjectThanatos_426/Content/LowPolyDungeons/Meshes/Particles/Meshes_Particles_Fire_01.uasset" 577
"D:/Workspaces/Game Dev Workspace/Unreal Engine 4/ProjectThanatos_426/Content/Audio/Starter/Fire01.uasset" 578
"D:/Workspaces/Game Dev Workspace/Unreal Engine 4/ProjectThanatos_426/Content/Blueprints/Level/Torch.uasset" 579
"D:/Workspaces/Game Dev Workspace/Unreal Engine 4/ProjectThanatos_426/Content/LowPolyDungeons/Meshes/Props/Mesh_Props_Light_03.uasset" 580
"D:/Workspaces/Game Dev Workspace/Unreal Engine 4/ProjectThanatos_426/Content/Blueprints/Level/Chandelier.uasset" 581
"D:/Workspaces/Game Dev Workspace/Unreal Engine 4/ProjectThanatos_426/Content/LowPolyDungeons/Meshes/Dungeons/Mesh_Dungeons_Column_03.uasset" 582
"D:/Workspaces/Game Dev Workspace/Unreal Engine 4/ProjectThanatos_426/Content/Map/MainMenu.umap" 583
"D:/Workspaces/Game Dev Workspace/Unreal Engine 4/ProjectThanatos_426/Content/Map/MainLevel_lowPoly_BuiltData.uasset" 584
"D:/Workspaces/Game Dev Workspace/Unreal Engine 4/ProjectThanatos_426/Content/PolygonFanMiniChr/Models/Props/SM_Prop_CrystalSword_01.uasset" 585
"D:/Workspaces/Game Dev Workspace/Unreal Engine 4/ProjectThanatos_426/Content/Blueprints/Loot/Weapons/WeaponBase.uasset" 586
"D:/Workspaces/Game Dev Workspace/Unreal Engine 4/ProjectThanatos_426/Content/LowPolyDungeons/Meshes/Weapons/Mesh_Weapons_Weapon_01.uasset" 587
"D:/Workspaces/Game Dev Workspace/Unreal Engine 4/ProjectThanatos_426/Content/Blueprints/Loot/Weapons/TrustyRusty.uasset" 588
"D:/Workspaces/Game Dev Workspace/Unreal Engine 4/ProjectThanatos_426/Content/Blueprints/Level/Interactables/Doors/Triggers/Trigger.uasset" 589
"../../../Engine/Content/BasicShapes/Cube.uasset" 590
"../../../Engine/Content/BasicShapes/BasicShapeMaterial.uasset" 591
"D:/Workspaces/Game Dev Workspace/Unreal Engine 4/ProjectThanatos_426/Content/Audio/IDA_Music_Pack/Wavs/WAV_IDA_-_Medium_Intensity.uasset" 592
"D:/Workspaces/Game Dev Workspace/Unreal Engine 4/ProjectThanatos_426/Content/Map/MainLevel_lowPoly.umap" 593
"D:/Workspaces/Game Dev Workspace/Unreal Engine 4/ProjectThanatos_426/Content/Mesh/Dungeon/Dungeons/Mesh_Dungeons_Wall_22.uasset" 594
"D:/Workspaces/Game Dev Workspace/Unreal Engine 4/ProjectThanatos_426/Content/Map/Rooms/LP/BedRoom_BuiltData.uasset" 595
"D:/Workspaces/Game Dev Workspace/Unreal Engine 4/ProjectThanatos_426/Content/LowPolyDungeons/Meshes/Dungeons/Mesh_Dungeons_Ground_05.uasset" 596
"D:/Workspaces/Game Dev Workspace/Unreal Engine 4/ProjectThanatos_426/Content/LowPolyDungeons/Meshes/Props/Mesh_Props_Bed_06.uasset" 597
"D:/Workspaces/Game Dev Workspace/Unreal Engine 4/ProjectThanatos_426/Content/LowPolyDungeons/Textures/Textures_Dust_01.uasset" 598
"D:/Workspaces/Game Dev Workspace/Unreal Engine 4/ProjectThanatos_426/Content/LowPolyDungeons/Materials/M_LowPolyDungeons_Dust.uasset" 599
"D:/Workspaces/Game Dev Workspace/Unreal Engine 4/ProjectThanatos_426/Content/LowPolyDungeons/Meshes/Particles/Meshes_Particles_Dust_01.uasset" 600
"D:/Workspaces/Game Dev Workspace/Unreal Engine 4/ProjectThanatos_426/Content/Map/Rooms/LP/BedRoom.umap" 601
"D:/Workspaces/Game Dev Workspace/Unreal Engine 4/ProjectThanatos_426/Content/Textures/Dungeon/Texture_01.uasset" 602
"D:/Workspaces/Game Dev Workspace/Unreal Engine 4/ProjectThanatos_426/Content/Materials/Dungeons/M_LowPolyDungeons_MAIN.uasset" 603
"D:/Workspaces/Game Dev Workspace/Unreal Engine 4/ProjectThanatos_426/Content/Mesh/Dungeon/Dungeons/Mesh_Dungeons_Ground_05.uasset" 604
"D:/Workspaces/Game Dev Workspace/Unreal Engine 4/ProjectThanatos_426/Content/Textures/Levels/09dd05fa10dfa2b36258838e14961e97.uasset" 605
"D:/Workspaces/Game Dev Workspace/Unreal Engine 4/ProjectThanatos_426/Content/Textures/Levels/09dd05fa10dfa2b36258838e14961e97_Mat.uasset" 606
"D:/Workspaces/Game Dev Workspace/Unreal Engine 4/ProjectThanatos_426/Content/Map/Rooms/LP/Library_BuiltData.uasset" 607
"D:/Workspaces/Game Dev Workspace/Unreal Engine 4/ProjectThanatos_426/Content/LowPolyDungeons/Meshes/Props/Mesh_Props_WoodStairs_03.uasset" 608
"D:/Workspaces/Game Dev Workspace/Unreal Engine 4/ProjectThanatos_426/Content/LowPolyDungeons/Meshes/Props/Mesh_Props_WallDecor_09.uasset" 609
"D:/Workspaces/Game Dev Workspace/Unreal Engine 4/ProjectThanatos_426/Content/LowPolyDungeons/Meshes/Props/Mesh_Props_WallDecor_04.uasset" 610
"D:/Workspaces/Game Dev Workspace/Unreal Engine 4/ProjectThanatos_426/Content/LowPolyDungeons/Meshes/Props/Mesh_Props_Book_04.uasset" 611
"../../../Engine/Content/BasicShapes/Plane.uasset" 612
"D:/Workspaces/Game Dev Workspace/Unreal Engine 4/ProjectThanatos_426/Content/LowPolyDungeons/Meshes/Props/Mesh_Props_Book_12.uasset" 613
"D:/Workspaces/Game Dev Workspace/Unreal Engine 4/ProjectThanatos_426/Content/LowPolyDungeons/Meshes/Props/Mesh_Props_Book_11.uasset" 614
"D:/Workspaces/Game Dev Workspace/Unreal Engine 4/ProjectThanatos_426/Content/LowPolyDungeons/Meshes/Props/Mesh_Props_Book_09.uasset" 615
"D:/Workspaces/Game Dev Workspace/Unreal Engine 4/ProjectThanatos_426/Content/LowPolyDungeons/Meshes/Props/Mesh_Props_Book_06.uasset" 616
"D:/Workspaces/Game Dev Workspace/Unreal Engine 4/ProjectThanatos_426/Content/LowPolyDungeons/Meshes/Props/Mesh_Props_Book_05.uasset" 617
"D:/Workspaces/Game Dev Workspace/Unreal Engine 4/ProjectThanatos_426/Content/LowPolyDungeons/Meshes/Props/Mesh_Props_Book_03.uasset" 618
"D:/Workspaces/Game Dev Workspace/Unreal Engine 4/ProjectThanatos_426/Content/LowPolyDungeons/Meshes/Props/Mesh_Props_Book_01.uasset" 619
"D:/Workspaces/Game Dev Workspace/Unreal Engine 4/ProjectThanatos_426/Content/LowPolyDungeons/Meshes/Particles/Meshes_Particles_Fire_03.uasset" 620
"D:/Workspaces/Game Dev Workspace/Unreal Engine 4/ProjectThanatos_426/Content/LowPolyDungeons/Meshes/Particles/Meshes_Particles_Fire_02.uasset" 621
"D:/Workspaces/Game Dev Workspace/Unreal Engine 4/ProjectThanatos_426/Content/LowPolyDungeons/Meshes/Props/Mesh_Props_WallDecor_07.uasset" 622
"D:/Workspaces/Game Dev Workspace/Unreal Engine 4/ProjectThanatos_426/Content/LowPolyDungeons/Meshes/Props/Mesh_Props_Table_02.uasset" 623
"D:/Workspaces/Game Dev Workspace/Unreal Engine 4/ProjectThanatos_426/Content/LowPolyDungeons/Meshes/Props/Mesh_Props_Table_01.uasset" 624
"D:/Workspaces/Game Dev Workspace/Unreal Engine 4/ProjectThanatos_426/Content/LowPolyDungeons/Meshes/Props/Mesh_Props_Skull.uasset" 625
"D:/Workspaces/Game Dev Workspace/Unreal Engine 4/ProjectThanatos_426/Content/LowPolyDungeons/Meshes/Props/Mesh_Props_Library_03.uasset" 626
"D:/Workspaces/Game Dev Workspace/Unreal Engine 4/ProjectThanatos_426/Content/LowPolyDungeons/Meshes/Props/Mesh_Props_JailBed_01.uasset" 627
"D:/Workspaces/Game Dev Workspace/Unreal Engine 4/ProjectThanatos_426/Content/LowPolyDungeons/Meshes/Props/Mesh_Props_Fireplace.uasset" 628
"D:/Workspaces/Game Dev Workspace/Unreal Engine 4/ProjectThanatos_426/Content/LowPolyDungeons/Meshes/Props/Mesh_Props_Chair_05.uasset" 629
"D:/Workspaces/Game Dev Workspace/Unreal Engine 4/ProjectThanatos_426/Content/LowPolyDungeons/Meshes/Props/Mesh_Props_Bottle_04.uasset" 630
"D:/Workspaces/Game Dev Workspace/Unreal Engine 4/ProjectThanatos_426/Content/LowPolyDungeons/Meshes/Props/Mesh_Props_Bottle_03.uasset" 631
"D:/Workspaces/Game Dev Workspace/Unreal Engine 4/ProjectThanatos_426/Content/LowPolyDungeons/Meshes/Props/Mesh_Props_Bottle_02.uasset" 632
"D:/Workspaces/Game Dev Workspace/Unreal Engine 4/ProjectThanatos_426/Content/LowPolyDungeons/Meshes/Props/Mesh_Props_Bottle_01.uasset" 633
"D:/Workspaces/Game Dev Workspace/Unreal Engine 4/ProjectThanatos_426/Content/LowPolyDungeons/Materials/M_LowPolyDungeons_Metal.uasset" 634
"D:/Workspaces/Game Dev Workspace/Unreal Engine 4/ProjectThanatos_426/Content/LowPolyDungeons/Meshes/Gold/Mesh_Gold_Key.uasset" 635
"D:/Workspaces/Game Dev Workspace/Unreal Engine 4/ProjectThanatos_426/Content/Audio/Gamemaster_Audio_-_Pro_Sound_Collection/Collectibles_Items_Powerup/coin_bag_ring_gemstone_item_13.uasset" 636
"D:/Workspaces/Game Dev Workspace/Unreal Engine 4/ProjectThanatos_426/Content/Audio/Dialog/Interactions/We_Found_a_Key__lets_see_what_it_goes_to.uasset" 637
"D:/Workspaces/Game Dev Workspace/Unreal Engine 4/ProjectThanatos_426/Content/Audio/Dialog/Interactions/Ah_Finally_a_Key.uasset" 638
"D:/Workspaces/Game Dev Workspace/Unreal Engine 4/ProjectThanatos_426/Content/Blueprints/Level/Interactables/Keys/KeyBase.uasset" 639
"D:/Workspaces/Game Dev Workspace/Unreal Engine 4/ProjectThanatos_426/Content/Blueprints/Level/Interactables/Keys/Key.uasset" 640
"D:/Workspaces/Game Dev Workspace/Unreal Engine 4/ProjectThanatos_426/Content/LowPolyDungeons/Meshes/Props/Mesh_Props_Candle_02.uasset" 641
"D:/Workspaces/Game Dev Workspace/Unreal Engine 4/ProjectThanatos_426/Content/Blueprints/Level/Candle.uasset" 642
"D:/Workspaces/Game Dev Workspace/Unreal Engine 4/ProjectThanatos_426/Content/Mesh/Dungeon/Dungeons/Mesh_Dungeons_Wall_11.uasset" 643
"D:/Workspaces/Game Dev Workspace/Unreal Engine 4/ProjectThanatos_426/Content/Mesh/Dungeon/Dungeons/Mesh_Dungeons_MetalWall_03.uasset" 644
"D:/Workspaces/Game Dev Workspace/Unreal Engine 4/ProjectThanatos_426/Content/Audio/Gamemaster_Audio_-_Pro_Sound_Collection/Doors/metal_door_hatch_open_squeak_01.uasset" 645
"D:/Workspaces/Game Dev Workspace/Unreal Engine 4/ProjectThanatos_426/Content/Audio/Gamemaster_Audio_-_Pro_Sound_Collection/Doors/metal_door_hatch_close_slam_03.uasset" 646
"D:/Workspaces/Game Dev Workspace/Unreal Engine 4/ProjectThanatos_426/Content/Audio/Gamemaster_Audio_-_Pro_Sound_Collection/Doors/manhole_metal_door_lid_impact_05.uasset" 647
"D:/Workspaces/Game Dev Workspace/Unreal Engine 4/ProjectThanatos_426/Content/Blueprints/Level/Interactables/Doors/LargeGateDoor.uasset" 648
"D:/Workspaces/Game Dev Workspace/Unreal Engine 4/ProjectThanatos_426/Content/Animations/Cutscenes/OpeningMetalDoor.uasset" 649
"D:/Workspaces/Game Dev Workspace/Unreal Engine 4/ProjectThanatos_426/Content/Blueprints/Level/Interactables/Keys/BookKey.uasset" 650
"D:/Workspaces/Game Dev Workspace/Unreal Engine 4/ProjectThanatos_426/Content/Map/Rooms/LP/Library.umap" 651
"D:/Workspaces/Game Dev Workspace/Unreal Engine 4/ProjectThanatos_426/Content/Mesh/Dungeon/Dungeons/Mesh_Dungeons_Ground_06.uasset" 652
"D:/Workspaces/Game Dev Workspace/Unreal Engine 4/ProjectThanatos_426/Content/Mesh/Dungeon/Dungeons/Mesh_Dungeons_Door_09.uasset" 653
"D:/Workspaces/Game Dev Workspace/Unreal Engine 4/ProjectThanatos_426/Content/Mesh/Dungeon/Dungeons/Mesh_Dungeons_Door_06.uasset" 654
"D:/Workspaces/Game Dev Workspace/Unreal Engine 4/ProjectThanatos_426/Content/Mesh/Dungeon/Dungeons/Mesh_Dungeons_Door_05.uasset" 655
"D:/Workspaces/Game Dev Workspace/Unreal Engine 4/ProjectThanatos_426/Content/Mesh/Dungeon/Dungeons/Mesh_Dungeons_Column_05.uasset" 656
"D:/Workspaces/Game Dev Workspace/Unreal Engine 4/ProjectThanatos_426/Content/Mesh/Dungeon/Dungeons/Mesh_Dungeons_Column_03.uasset" 657
"D:/Workspaces/Game Dev Workspace/Unreal Engine 4/ProjectThanatos_426/Content/Mesh/Dungeon/Dungeons/Mesh_Dungeons_Arena_01.uasset" 658
"D:/Workspaces/Game Dev Workspace/Unreal Engine 4/ProjectThanatos_426/Content/PolygonFanMiniChr/Models/Props/SM_Prop_ShieldKnight_01.uasset" 659
"D:/Workspaces/Game Dev Workspace/Unreal Engine 4/ProjectThanatos_426/Content/Mesh/Dungeon/Props/Mesh_Props_WallDecor_12.uasset" 660
"D:/Workspaces/Game Dev Workspace/Unreal Engine 4/ProjectThanatos_426/Content/Mesh/Dungeon/Props/Mesh_Props_WallDecor_11.uasset" 661
"D:/Workspaces/Game Dev Workspace/Unreal Engine 4/ProjectThanatos_426/Content/Mesh/Dungeon/Props/Mesh_Props_WallDecor_10.uasset" 662
"D:/Workspaces/Game Dev Workspace/Unreal Engine 4/ProjectThanatos_426/Content/Mesh/Dungeon/Props/Mesh_Props_WallDecor_02.uasset" 663
"D:/Workspaces/Game Dev Workspace/Unreal Engine 4/ProjectThanatos_426/Content/Mesh/Dungeon/Props/Mesh_Props_Table_02.uasset" 664
"D:/Workspaces/Game Dev Workspace/Unreal Engine 4/ProjectThanatos_426/Content/Mesh/Dungeon/Props/Mesh_Props_Box_03.uasset" 665
"D:/Workspaces/Game Dev Workspace/Unreal Engine 4/ProjectThanatos_426/Content/Mesh/Dungeon/Props/Mesh_Props_Box_02.uasset" 666
"D:/Workspaces/Game Dev Workspace/Unreal Engine 4/ProjectThanatos_426/Content/Mesh/Dungeon/Props/Mesh_Props_Box_01.uasset" 667
"D:/Workspaces/Game Dev Workspace/Unreal Engine 4/ProjectThanatos_426/Content/Mesh/Dungeon/Props/Mesh_Props_Bone_02.uasset" 668
"D:/Workspaces/Game Dev Workspace/Unreal Engine 4/ProjectThanatos_426/Content/Mesh/Dungeon/Props/Mesh_Props_Blacksmith_05.uasset" 669
"D:/Workspaces/Game Dev Workspace/Unreal Engine 4/ProjectThanatos_426/Content/Mesh/Dungeon/Props/Mesh_Props_Bench_01.uasset" 670
"D:/Workspaces/Game Dev Workspace/Unreal Engine 4/ProjectThanatos_426/Content/Mesh/Dungeon/Props/Mesh_Props_Barrel_03.uasset" 671
"D:/Workspaces/Game Dev Workspace/Unreal Engine 4/ProjectThanatos_426/Content/Mesh/Dungeon/Props/Mesh_Props_Barrel_01.uasset" 672
"D:/Workspaces/Game Dev Workspace/Unreal Engine 4/ProjectThanatos_426/Content/Map/Rooms/LP/Starting_Room_BuiltData.uasset" 673
"D:/Workspaces/Game Dev Workspace/Unreal Engine 4/ProjectThanatos_426/Content/Mesh/Dungeon/Props/Mesh_Props_Altar_03.uasset" 674
"D:/Workspaces/Game Dev Workspace/Unreal Engine 4/ProjectThanatos_426/Content/Mesh/Dungeon/Dungeons/Mesh_Dungeons_Wall_09.uasset" 675
"D:/Workspaces/Game Dev Workspace/Unreal Engine 4/ProjectThanatos_426/Content/Mesh/Dungeon/Dungeons/Mesh_Dungeons_Stairs_03.uasset" 676
"D:/Workspaces/Game Dev Workspace/Unreal Engine 4/ProjectThanatos_426/Content/Mesh/Dungeon/Dungeons/Mesh_Dungeons_StairsPart_06.uasset" 677
"D:/Workspaces/Game Dev Workspace/Unreal Engine 4/ProjectThanatos_426/Content/Mesh/Dungeon/Dungeons/Mesh_Dungeons_StairsPart_02.uasset" 678
"D:/Workspaces/Game Dev Workspace/Unreal Engine 4/ProjectThanatos_426/Content/Mesh/Dungeon/Dungeons/Mesh_Dungeons_StairsPart_01.uasset" 679
"D:/Workspaces/Game Dev Workspace/Unreal Engine 4/ProjectThanatos_426/Content/LowPolyDungeons/Meshes/Props/Mesh_Props_Bench_01.uasset" 680
"D:/Workspaces/Game Dev Workspace/Unreal Engine 4/ProjectThanatos_426/Content/LowPolyDungeons/Meshes/Props/Mesh_Props_Altar_02.uasset" 681
"D:/Workspaces/Game Dev Workspace/Unreal Engine 4/ProjectThanatos_426/Content/LowPolyDungeons/Meshes/Particles/Meshes_Particles_Dust_02.uasset" 682
"D:/Workspaces/Game Dev Workspace/Unreal Engine 4/ProjectThanatos_426/Content/LowPolyDungeons/Meshes/Props/Mesh_Props_WallDecor_02.uasset" 683
"D:/Workspaces/Game Dev Workspace/Unreal Engine 4/ProjectThanatos_426/Content/LowPolyDungeons/Meshes/Props/Mesh_Props_WallDecor_01.uasset" 684
"D:/Workspaces/Game Dev Workspace/Unreal Engine 4/ProjectThanatos_426/Content/LowPolyDungeons/Meshes/Props/Mesh_Props_SpiderWeb_01.uasset" 685
"D:/Workspaces/Game Dev Workspace/Unreal Engine 4/ProjectThanatos_426/Content/LowPolyDungeons/Meshes/Props/Mesh_Props_Library_05.uasset" 686
"D:/Workspaces/Game Dev Workspace/Unreal Engine 4/ProjectThanatos_426/Content/LowPolyDungeons/Meshes/Props/Mesh_Props_Jug_08.uasset" 687
"D:/Workspaces/Game Dev Workspace/Unreal Engine 4/ProjectThanatos_426/Content/LowPolyDungeons/Meshes/Props/Mesh_Props_Jug_06.uasset" 688
"D:/Workspaces/Game Dev Workspace/Unreal Engine 4/ProjectThanatos_426/Content/Mesh/Dungeon/Props/Mesh_Props_Library_03.uasset" 689
"D:/Workspaces/Game Dev Workspace/Unreal Engine 4/ProjectThanatos_426/Content/Map/Rooms/LP/Starting_Room.umap" 690
"../../../Engine/Content/Maps/Entry_BuiltData.uasset" 691
"../../../Engine/Content/Maps/Entry.umap" 692
